Fitter report for TimeDisk
Wed Mar 22 22:11:05 2023
Quartus II 64-Bit Version 13.0.1 Build 232 06/12/2013 Service Pack 1 SJ Web Edition


---------------------
; Table of Contents ;
---------------------
  1. Legal Notice
  2. Fitter Summary
  3. Fitter Settings
  4. Parallel Compilation
  5. Pin-Out File
  6. Fitter Resource Usage Summary
  7. Input Pins
  8. Output Pins
  9. Bidir Pins
 10. All Package Pins
 11. I/O Standard
 12. Dedicated Inputs I/O
 13. Output Pin Default Load For Reported TCO
 14. Fitter Resource Utilization by Entity
 15. Control Signals
 16. Global & Other Fast Signals
 17. Non-Global High Fan-Out Signals
 18. Other Routing Usage Summary
 19. LAB External Interconnect
 20. LAB Macrocells
 21. Parallel Expander
 22. Logic Cell Interconnection
 23. Fitter Device Options
 24. Fitter Messages



----------------
; Legal Notice ;
----------------
Copyright (C) 1991-2013 Altera Corporation
Your use of Altera Corporation's design tools, logic functions 
and other software and tools, and its AMPP partner logic 
functions, and any output files from any of the foregoing 
(including device programming or simulation files), and any 
associated documentation or information are expressly subject 
to the terms and conditions of the Altera Program License 
Subscription Agreement, Altera MegaCore Function License 
Agreement, or other applicable license agreement, including, 
without limitation, that your use is for the sole purpose of 
programming logic devices manufactured by Altera and sold by 
Altera or its authorized distributors.  Please refer to the 
applicable agreement for further details.



+-----------------------------------------------------------------------------+
; Fitter Summary                                                              ;
+---------------------------+-------------------------------------------------+
; Fitter Status             ; Successful - Wed Mar 22 22:11:05 2023           ;
; Quartus II 64-Bit Version ; 13.0.1 Build 232 06/12/2013 SP 1 SJ Web Edition ;
; Revision Name             ; TimeDisk                                        ;
; Top-level Entity Name     ; TimeDisk                                        ;
; Family                    ; MAX7000S                                        ;
; Device                    ; EPM7128SLC84-15                                 ;
; Timing Models             ; Final                                           ;
; Total macrocells          ; 72 / 128 ( 56 % )                               ;
; Total pins                ; 68 / 68 ( 100 % )                               ;
+---------------------------+-------------------------------------------------+


+--------------------------------------------------------------------------------------------------------------+
; Fitter Settings                                                                                              ;
+----------------------------------------------------------------------------+-----------------+---------------+
; Option                                                                     ; Setting         ; Default Value ;
+----------------------------------------------------------------------------+-----------------+---------------+
; Device                                                                     ; EPM7128SLC84-15 ;               ;
; Slow Slew Rate                                                             ; On              ; Off           ;
; Fitter Effort                                                              ; Standard Fit    ; Auto Fit      ;
; Use smart compilation                                                      ; Off             ; Off           ;
; Enable parallel Assembler and TimeQuest Timing Analyzer during compilation ; On              ; On            ;
; Enable compact report table                                                ; Off             ; Off           ;
; Optimize Multi-Corner Timing                                               ; Off             ; Off           ;
; Optimize Timing for ECOs                                                   ; Off             ; Off           ;
; Regenerate full fit report during ECO compiles                             ; Off             ; Off           ;
; Optimize IOC Register Placement for Timing                                 ; Normal          ; Normal        ;
; Fitter Initial Placement Seed                                              ; 1               ; 1             ;
; Force Fitter to Avoid Periphery Placement Warnings                         ; Off             ; Off           ;
+----------------------------------------------------------------------------+-----------------+---------------+


Parallel compilation was disabled, but you have multiple processors available. Enable parallel compilation to reduce compilation time.
+-------------------------------------+
; Parallel Compilation                ;
+----------------------------+--------+
; Processors                 ; Number ;
+----------------------------+--------+
; Number detected on machine ; 8      ;
; Maximum allowed            ; 1      ;
+----------------------------+--------+


+--------------+
; Pin-Out File ;
+--------------+
The pin-out file can be found in C:/Users/Wolf/Documents/GitHub/TimeDisk/cpld/output_files/TimeDisk.pin.


+--------------------------------------------------+
; Fitter Resource Usage Summary                    ;
+------------------------------+-------------------+
; Resource                     ; Usage             ;
+------------------------------+-------------------+
; Logic cells                  ; 72 / 128 ( 56 % ) ;
; Registers                    ; 35 / 128 ( 27 % ) ;
; Number of pterms used        ; 200               ;
; I/O pins                     ; 68 / 68 ( 100 % ) ;
;     -- Clock pins            ; 2 / 2 ( 100 % )   ;
;     -- Dedicated input pins  ; 2 / 2 ( 100 % )   ;
;                              ;                   ;
; Global signals               ; 1                 ;
; Shareable expanders          ; 0 / 128 ( 0 % )   ;
; Parallel expanders           ; 3 / 120 ( 3 % )   ;
; Cells using turbo bit        ; 5 / 128 ( 4 % )   ;
; Maximum fan-out              ; 35                ;
; Highest non-global fan-out   ; 33                ;
; Total fan-out                ; 584               ;
; Average fan-out              ; 4.17              ;
+------------------------------+-------------------+


+--------------------------------------------------------------------------------------------------------------------------------------------------+
; Input Pins                                                                                                                                       ;
+------------+-------+----------+-----+-----------------------+--------------------+--------+----------------+--------------+----------------------+
; Name       ; Pin # ; I/O Bank ; LAB ; Combinational Fan-Out ; Registered Fan-Out ; Global ; Input Register ; I/O Standard ; Location assigned by ;
+------------+-------+----------+-----+-----------------------+--------------------+--------+----------------+--------------+----------------------+
; A[0]       ; 22    ; --       ; 2   ; 16                    ; 0                  ; no     ; no             ; TTL          ; User                 ;
; A[10]      ; 21    ; --       ; 2   ; 1                     ; 0                  ; no     ; no             ; TTL          ; User                 ;
; A[11]      ; 74    ; --       ; 8   ; 1                     ; 0                  ; no     ; no             ; TTL          ; User                 ;
; A[12]      ; 84    ; --       ; --  ; 0                     ; 0                  ; no     ; no             ; TTL          ; User                 ;
; A[13]      ; 6     ; --       ; 1   ; 0                     ; 0                  ; no     ; no             ; TTL          ; User                 ;
; A[14]      ; 8     ; --       ; 1   ; 0                     ; 0                  ; no     ; no             ; TTL          ; User                 ;
; A[15]      ; 9     ; --       ; 1   ; 0                     ; 0                  ; no     ; no             ; TTL          ; User                 ;
; A[1]       ; 24    ; --       ; 3   ; 16                    ; 0                  ; no     ; no             ; TTL          ; User                 ;
; A[2]       ; 25    ; --       ; 3   ; 16                    ; 0                  ; no     ; no             ; TTL          ; User                 ;
; A[3]       ; 27    ; --       ; 3   ; 16                    ; 0                  ; no     ; no             ; TTL          ; User                 ;
; A[4]       ; 28    ; --       ; 3   ; 1                     ; 0                  ; no     ; no             ; TTL          ; User                 ;
; A[5]       ; 29    ; --       ; 3   ; 1                     ; 0                  ; no     ; no             ; TTL          ; User                 ;
; A[6]       ; 30    ; --       ; 3   ; 1                     ; 0                  ; no     ; no             ; TTL          ; User                 ;
; A[7]       ; 31    ; --       ; 3   ; 1                     ; 0                  ; no     ; no             ; TTL          ; User                 ;
; A[8]       ; 70    ; --       ; 7   ; 1                     ; 0                  ; no     ; no             ; TTL          ; User                 ;
; A[9]       ; 73    ; --       ; 8   ; 1                     ; 0                  ; no     ; no             ; TTL          ; User                 ;
; C7M        ; 83    ; --       ; --  ; 35                    ; 0                  ; yes    ; no             ; TTL          ; User                 ;
; PHI1       ; 2     ; --       ; --  ; 4                     ; 0                  ; no     ; no             ; TTL          ; User                 ;
; RAMROMCSgb ; 33    ; --       ; 4   ; 2                     ; 0                  ; no     ; no             ; TTL          ; User                 ;
; nDEVSEL    ; 11    ; --       ; 1   ; 17                    ; 0                  ; no     ; no             ; TTL          ; User                 ;
; nINH       ; 15    ; --       ; 2   ; 0                     ; 0                  ; no     ; no             ; TTL          ; User                 ;
; nIOSEL     ; 18    ; --       ; 2   ; 5                     ; 0                  ; no     ; no             ; TTL          ; User                 ;
; nIOSTRB    ; 16    ; --       ; 2   ; 12                    ; 0                  ; no     ; no             ; TTL          ; User                 ;
; nRES       ; 1     ; --       ; --  ; 1                     ; 0                  ; no     ; no             ; TTL          ; User                 ;
; nWE        ; 10    ; --       ; 1   ; 6                     ; 0                  ; no     ; no             ; TTL          ; User                 ;
+------------+-------+----------+-----+-----------------------+--------------------+--------+----------------+--------------+----------------------+


+-----------------------------------------------------------------------------------------------------------------------------------------------------------------------------------------------+
; Output Pins                                                                                                                                                                                   ;
+-----------+-------+----------+-----+-----------------+----------------+------------+---------------+--------------+----------------------+-------+----------------------+---------------------+
; Name      ; Pin # ; I/O Bank ; LAB ; Output Register ; Slow Slew Rate ; Open Drain ; TRI Primitive ; I/O Standard ; Location assigned by ; Load  ; Output Enable Source ; Output Enable Group ;
+-----------+-------+----------+-----+-----------------+----------------+------------+---------------+--------------+----------------------+-------+----------------------+---------------------+
; RAH[12]   ; 60    ; --       ; 6   ; no              ; yes            ; no         ; no            ; TTL          ; User                 ; 10 pF ; -                    ; -                   ;
; RAH[13]   ; 69    ; --       ; 7   ; no              ; yes            ; no         ; no            ; TTL          ; User                 ; 10 pF ; -                    ; -                   ;
; RAH[14]   ; 67    ; --       ; 7   ; no              ; yes            ; no         ; no            ; TTL          ; User                 ; 10 pF ; -                    ; -                   ;
; RAH[15]   ; 46    ; --       ; 5   ; no              ; yes            ; no         ; no            ; TTL          ; User                 ; 10 pF ; -                    ; -                   ;
; RAH[16]   ; 61    ; --       ; 6   ; no              ; yes            ; no         ; no            ; TTL          ; User                 ; 10 pF ; -                    ; -                   ;
; RAH[17]   ; 68    ; --       ; 7   ; no              ; yes            ; no         ; no            ; TTL          ; User                 ; 10 pF ; -                    ; -                   ;
; RAH[18]   ; 12    ; --       ; 1   ; no              ; yes            ; no         ; no            ; TTL          ; User                 ; 10 pF ; -                    ; -                   ;
; RAH[19]   ; 65    ; --       ; 7   ; no              ; yes            ; no         ; no            ; TTL          ; User                 ; 10 pF ; -                    ; -                   ;
; RAL[0]    ; 55    ; --       ; 6   ; no              ; yes            ; no         ; no            ; TTL          ; User                 ; 10 pF ; -                    ; -                   ;
; RAL[10]   ; 56    ; --       ; 6   ; no              ; yes            ; no         ; no            ; TTL          ; User                 ; 10 pF ; -                    ; -                   ;
; RAL[1]    ; 52    ; --       ; 5   ; no              ; yes            ; no         ; no            ; TTL          ; User                 ; 10 pF ; -                    ; -                   ;
; RAL[2]    ; 54    ; --       ; 6   ; no              ; yes            ; no         ; no            ; TTL          ; User                 ; 10 pF ; -                    ; -                   ;
; RAL[3]    ; 63    ; --       ; 7   ; no              ; yes            ; no         ; no            ; TTL          ; User                 ; 10 pF ; -                    ; -                   ;
; RAL[4]    ; 64    ; --       ; 7   ; no              ; yes            ; no         ; no            ; TTL          ; User                 ; 10 pF ; -                    ; -                   ;
; RAL[5]    ; 48    ; --       ; 5   ; no              ; yes            ; no         ; no            ; TTL          ; User                 ; 10 pF ; -                    ; -                   ;
; RAL[6]    ; 58    ; --       ; 6   ; no              ; yes            ; no         ; no            ; TTL          ; User                 ; 10 pF ; -                    ; -                   ;
; RAL[7]    ; 49    ; --       ; 5   ; no              ; yes            ; no         ; no            ; TTL          ; User                 ; 10 pF ; -                    ; -                   ;
; RAL[8]    ; 57    ; --       ; 6   ; no              ; yes            ; no         ; no            ; TTL          ; User                 ; 10 pF ; -                    ; -                   ;
; RAL[9]    ; 50    ; --       ; 5   ; no              ; yes            ; no         ; no            ; TTL          ; User                 ; 10 pF ; -                    ; -                   ;
; RAMCS     ; 45    ; --       ; 5   ; no              ; yes            ; no         ; no            ; TTL          ; User                 ; 10 pF ; -                    ; -                   ;
; nRAMROMCS ; 20    ; --       ; 2   ; no              ; yes            ; no         ; no            ; TTL          ; User                 ; 10 pF ; -                    ; -                   ;
; nROMCS    ; 17    ; --       ; 2   ; no              ; yes            ; no         ; no            ; TTL          ; User                 ; 10 pF ; -                    ; -                   ;
+-----------+-------+----------+-----+-----------------+----------------+------------+---------------+--------------+----------------------+-------+----------------------+---------------------+


+--------------------------------------------------------------------------------------------------------------------------------------------------------------------------------------------------------------------------------------------------+
; Bidir Pins                                                                                                                                                                                                                                       ;
+-------+-------+----------+-----+-----------------------+--------------------+--------+----------------+-----------------+----------------+------------+--------------+----------------------+-------+----------------------+---------------------+
; Name  ; Pin # ; I/O Bank ; LAB ; Combinational Fan-Out ; Registered Fan-Out ; Global ; Input Register ; Output Register ; Slow Slew Rate ; Open Drain ; I/O Standard ; Location assigned by ; Load  ; Output Enable Source ; Output Enable Group ;
+-------+-------+----------+-----+-----------------------+--------------------+--------+----------------+-----------------+----------------+------------+--------------+----------------------+-------+----------------------+---------------------+
; D[0]  ; 75    ; --       ; 8   ; 5                     ; 0                  ; no     ; no             ; no              ; yes            ; no         ; TTL          ; User                 ; 10 pF ; DOE~8                ; -                   ;
; D[1]  ; 76    ; --       ; 8   ; 4                     ; 0                  ; no     ; no             ; no              ; yes            ; no         ; TTL          ; User                 ; 10 pF ; DOE~8                ; -                   ;
; D[2]  ; 77    ; --       ; 8   ; 4                     ; 0                  ; no     ; no             ; no              ; yes            ; no         ; TTL          ; User                 ; 10 pF ; DOE~8                ; -                   ;
; D[3]  ; 79    ; --       ; 8   ; 4                     ; 0                  ; no     ; no             ; no              ; yes            ; no         ; TTL          ; User                 ; 10 pF ; DOE~8                ; -                   ;
; D[4]  ; 80    ; --       ; 8   ; 3                     ; 0                  ; no     ; no             ; no              ; yes            ; no         ; TTL          ; User                 ; 10 pF ; DOE~8                ; -                   ;
; D[5]  ; 81    ; --       ; 8   ; 3                     ; 0                  ; no     ; no             ; no              ; yes            ; no         ; TTL          ; User                 ; 10 pF ; DOE~8                ; -                   ;
; D[6]  ; 4     ; --       ; 1   ; 3                     ; 0                  ; no     ; no             ; no              ; yes            ; no         ; TTL          ; User                 ; 10 pF ; DOE~8                ; -                   ;
; D[7]  ; 5     ; --       ; 1   ; 5                     ; 0                  ; no     ; no             ; no              ; yes            ; no         ; TTL          ; User                 ; 10 pF ; DOE~8                ; -                   ;
; RA11  ; 51    ; --       ; 5   ; 0                     ; 0                  ; no     ; no             ; no              ; yes            ; no         ; TTL          ; User                 ; 10 pF ; ModeLoaded           ; -                   ;
; RD[0] ; 41    ; --       ; 4   ; 2                     ; 0                  ; no     ; no             ; no              ; yes            ; no         ; TTL          ; User                 ; 10 pF ; RDOE~1               ; -                   ;
; RD[1] ; 40    ; --       ; 4   ; 1                     ; 0                  ; no     ; no             ; no              ; yes            ; no         ; TTL          ; User                 ; 10 pF ; RDOE~1               ; -                   ;
; RD[2] ; 39    ; --       ; 4   ; 1                     ; 0                  ; no     ; no             ; no              ; yes            ; no         ; TTL          ; User                 ; 10 pF ; RDOE~1               ; -                   ;
; RD[3] ; 37    ; --       ; 4   ; 1                     ; 0                  ; no     ; no             ; no              ; yes            ; no         ; TTL          ; User                 ; 10 pF ; RDOE~1               ; -                   ;
; RD[4] ; 36    ; --       ; 4   ; 1                     ; 0                  ; no     ; no             ; no              ; yes            ; no         ; TTL          ; User                 ; 10 pF ; RDOE~1               ; -                   ;
; RD[5] ; 35    ; --       ; 4   ; 1                     ; 0                  ; no     ; no             ; no              ; yes            ; no         ; TTL          ; User                 ; 10 pF ; RDOE~1               ; -                   ;
; RD[6] ; 34    ; --       ; 4   ; 1                     ; 0                  ; no     ; no             ; no              ; yes            ; no         ; TTL          ; User                 ; 10 pF ; RDOE~1               ; -                   ;
; RD[7] ; 44    ; --       ; 5   ; 1                     ; 0                  ; no     ; no             ; no              ; yes            ; no         ; TTL          ; User                 ; 10 pF ; RDOE~1               ; -                   ;
+-------+-------+----------+-----+-----------------------+--------------------+--------+----------------+-----------------+----------------+------------+--------------+----------------------+-------+----------------------+---------------------+


+-------------------------------------------------------------------------------------------------------+
; All Package Pins                                                                                      ;
+----------+------------+----------+----------------+--------+--------------+---------+-----------------+
; Location ; Pad Number ; I/O Bank ; Pin Name/Usage ; Dir.   ; I/O Standard ; Voltage ; User Assignment ;
+----------+------------+----------+----------------+--------+--------------+---------+-----------------+
; 1        ; 0          ; --       ; nRES           ; input  ; TTL          ;         ; Y               ;
; 2        ; 1          ; --       ; PHI1           ; input  ; TTL          ;         ; Y               ;
; 3        ; 2          ; --       ; VCCINT         ; power  ;              ; 5.0V    ;                 ;
; 4        ; 3          ; --       ; D[6]           ; bidir  ; TTL          ;         ; Y               ;
; 5        ; 4          ; --       ; D[7]           ; bidir  ; TTL          ;         ; Y               ;
; 6        ; 5          ; --       ; A[13]          ; input  ; TTL          ;         ; Y               ;
; 7        ; 6          ; --       ; GND            ; gnd    ;              ;         ;                 ;
; 8        ; 7          ; --       ; A[14]          ; input  ; TTL          ;         ; Y               ;
; 9        ; 8          ; --       ; A[15]          ; input  ; TTL          ;         ; Y               ;
; 10       ; 9          ; --       ; nWE            ; input  ; TTL          ;         ; Y               ;
; 11       ; 10         ; --       ; nDEVSEL        ; input  ; TTL          ;         ; Y               ;
; 12       ; 11         ; --       ; RAH[18]        ; output ; TTL          ;         ; Y               ;
; 13       ; 12         ; --       ; VCCIO          ; power  ;              ; 5.0V    ;                 ;
; 14       ; 13         ; --       ; TDI            ; input  ; TTL          ;         ; N               ;
; 15       ; 14         ; --       ; nINH           ; input  ; TTL          ;         ; Y               ;
; 16       ; 15         ; --       ; nIOSTRB        ; input  ; TTL          ;         ; Y               ;
; 17       ; 16         ; --       ; nROMCS         ; output ; TTL          ;         ; Y               ;
; 18       ; 17         ; --       ; nIOSEL         ; input  ; TTL          ;         ; Y               ;
; 19       ; 18         ; --       ; GND            ; gnd    ;              ;         ;                 ;
; 20       ; 19         ; --       ; nRAMROMCS      ; output ; TTL          ;         ; Y               ;
; 21       ; 20         ; --       ; A[10]          ; input  ; TTL          ;         ; Y               ;
; 22       ; 21         ; --       ; A[0]           ; input  ; TTL          ;         ; Y               ;
; 23       ; 22         ; --       ; TMS            ; input  ; TTL          ;         ; N               ;
; 24       ; 23         ; --       ; A[1]           ; input  ; TTL          ;         ; Y               ;
; 25       ; 24         ; --       ; A[2]           ; input  ; TTL          ;         ; Y               ;
; 26       ; 25         ; --       ; VCCIO          ; power  ;              ; 5.0V    ;                 ;
; 27       ; 26         ; --       ; A[3]           ; input  ; TTL          ;         ; Y               ;
; 28       ; 27         ; --       ; A[4]           ; input  ; TTL          ;         ; Y               ;
; 29       ; 28         ; --       ; A[5]           ; input  ; TTL          ;         ; Y               ;
; 30       ; 29         ; --       ; A[6]           ; input  ; TTL          ;         ; Y               ;
; 31       ; 30         ; --       ; A[7]           ; input  ; TTL          ;         ; Y               ;
; 32       ; 31         ; --       ; GND            ; gnd    ;              ;         ;                 ;
; 33       ; 32         ; --       ; RAMROMCSgb     ; input  ; TTL          ;         ; Y               ;
; 34       ; 33         ; --       ; RD[6]          ; bidir  ; TTL          ;         ; Y               ;
; 35       ; 34         ; --       ; RD[5]          ; bidir  ; TTL          ;         ; Y               ;
; 36       ; 35         ; --       ; RD[4]          ; bidir  ; TTL          ;         ; Y               ;
; 37       ; 36         ; --       ; RD[3]          ; bidir  ; TTL          ;         ; Y               ;
; 38       ; 37         ; --       ; VCCIO          ; power  ;              ; 5.0V    ;                 ;
; 39       ; 38         ; --       ; RD[2]          ; bidir  ; TTL          ;         ; Y               ;
; 40       ; 39         ; --       ; RD[1]          ; bidir  ; TTL          ;         ; Y               ;
; 41       ; 40         ; --       ; RD[0]          ; bidir  ; TTL          ;         ; Y               ;
; 42       ; 41         ; --       ; GND            ; gnd    ;              ;         ;                 ;
; 43       ; 42         ; --       ; VCCINT         ; power  ;              ; 5.0V    ;                 ;
; 44       ; 43         ; --       ; RD[7]          ; bidir  ; TTL          ;         ; Y               ;
; 45       ; 44         ; --       ; RAMCS          ; output ; TTL          ;         ; Y               ;
; 46       ; 45         ; --       ; RAH[15]        ; output ; TTL          ;         ; Y               ;
; 47       ; 46         ; --       ; GND            ; gnd    ;              ;         ;                 ;
; 48       ; 47         ; --       ; RAL[5]         ; output ; TTL          ;         ; Y               ;
; 49       ; 48         ; --       ; RAL[7]         ; output ; TTL          ;         ; Y               ;
; 50       ; 49         ; --       ; RAL[9]         ; output ; TTL          ;         ; Y               ;
; 51       ; 50         ; --       ; RA11           ; bidir  ; TTL          ;         ; Y               ;
; 52       ; 51         ; --       ; RAL[1]         ; output ; TTL          ;         ; Y               ;
; 53       ; 52         ; --       ; VCCIO          ; power  ;              ; 5.0V    ;                 ;
; 54       ; 53         ; --       ; RAL[2]         ; output ; TTL          ;         ; Y               ;
; 55       ; 54         ; --       ; RAL[0]         ; output ; TTL          ;         ; Y               ;
; 56       ; 55         ; --       ; RAL[10]        ; output ; TTL          ;         ; Y               ;
; 57       ; 56         ; --       ; RAL[8]         ; output ; TTL          ;         ; Y               ;
; 58       ; 57         ; --       ; RAL[6]         ; output ; TTL          ;         ; Y               ;
; 59       ; 58         ; --       ; GND            ; gnd    ;              ;         ;                 ;
; 60       ; 59         ; --       ; RAH[12]        ; output ; TTL          ;         ; Y               ;
; 61       ; 60         ; --       ; RAH[16]        ; output ; TTL          ;         ; Y               ;
; 62       ; 61         ; --       ; TCK            ; input  ; TTL          ;         ; N               ;
; 63       ; 62         ; --       ; RAL[3]         ; output ; TTL          ;         ; Y               ;
; 64       ; 63         ; --       ; RAL[4]         ; output ; TTL          ;         ; Y               ;
; 65       ; 64         ; --       ; RAH[19]        ; output ; TTL          ;         ; Y               ;
; 66       ; 65         ; --       ; VCCIO          ; power  ;              ; 5.0V    ;                 ;
; 67       ; 66         ; --       ; RAH[14]        ; output ; TTL          ;         ; Y               ;
; 68       ; 67         ; --       ; RAH[17]        ; output ; TTL          ;         ; Y               ;
; 69       ; 68         ; --       ; RAH[13]        ; output ; TTL          ;         ; Y               ;
; 70       ; 69         ; --       ; A[8]           ; input  ; TTL          ;         ; Y               ;
; 71       ; 70         ; --       ; TDO            ; output ; TTL          ;         ; N               ;
; 72       ; 71         ; --       ; GND            ; gnd    ;              ;         ;                 ;
; 73       ; 72         ; --       ; A[9]           ; input  ; TTL          ;         ; Y               ;
; 74       ; 73         ; --       ; A[11]          ; input  ; TTL          ;         ; Y               ;
; 75       ; 74         ; --       ; D[0]           ; bidir  ; TTL          ;         ; Y               ;
; 76       ; 75         ; --       ; D[1]           ; bidir  ; TTL          ;         ; Y               ;
; 77       ; 76         ; --       ; D[2]           ; bidir  ; TTL          ;         ; Y               ;
; 78       ; 77         ; --       ; VCCIO          ; power  ;              ; 5.0V    ;                 ;
; 79       ; 78         ; --       ; D[3]           ; bidir  ; TTL          ;         ; Y               ;
; 80       ; 79         ; --       ; D[4]           ; bidir  ; TTL          ;         ; Y               ;
; 81       ; 80         ; --       ; D[5]           ; bidir  ; TTL          ;         ; Y               ;
; 82       ; 81         ; --       ; GND            ; gnd    ;              ;         ;                 ;
; 83       ; 82         ; --       ; C7M            ; input  ; TTL          ;         ; Y               ;
; 84       ; 83         ; --       ; A[12]          ; input  ; TTL          ;         ; Y               ;
+----------+------------+----------+----------------+--------+--------------+---------+-----------------+
Note: Pin directions (input, output or bidir) are based on device operating in user mode.


+--------------------------------------------------------------------------------------------------+
; I/O Standard                                                                                     ;
+--------------+------------+----------------------+-------------------+-------------------+-------+
; I/O Standard ; Input Vref ; Dedicated Input Pins ; Pins in I/O Bank1 ; Pins in I/O Bank2 ; Total ;
+--------------+------------+----------------------+-------------------+-------------------+-------+
; TTL          ; -          ; 4                    ; 0                 ; 0                 ; 4     ;
+--------------+------------+----------------------+-------------------+-------------------+-------+


+---------------------------------------------------------------------+
; Dedicated Inputs I/O                                                ;
+-------+-------+-------+-------+--------------+------------+---------+
; Name  ; Pin # ; Type  ; VCCIO ; I/O Standard ; Input Vref ; Current ;
+-------+-------+-------+-------+--------------+------------+---------+
; A[12] ; 84    ; Input ; --    ; TTL          ; -          ; 0 mA    ;
; C7M   ; 83    ; Input ; --    ; TTL          ; -          ; 0 mA    ;
; PHI1  ; 2     ; Input ; --    ; TTL          ; -          ; 0 mA    ;
; nRES  ; 1     ; Input ; --    ; TTL          ; -          ; 0 mA    ;
+-------+-------+-------+-------+--------------+------------+---------+


+-----------------------------------------------+
; Output Pin Default Load For Reported TCO      ;
+--------------+-------+------------------------+
; I/O Standard ; Load  ; Termination Resistance ;
+--------------+-------+------------------------+
; 3.3-V LVTTL  ; 10 pF ; Not Available          ;
; 3.3-V LVCMOS ; 10 pF ; Not Available          ;
; TTL          ; 10 pF ; Not Available          ;
+--------------+-------+------------------------+
Note: User assignments will override these defaults. The user specified values are listed in the Output Pins and Bidir Pins tables.


+-------------------------------------------------------------------------------------+
; Fitter Resource Utilization by Entity                                               ;
+----------------------------+------------+------+---------------------+--------------+
; Compilation Hierarchy Node ; Macrocells ; Pins ; Full Hierarchy Name ; Library Name ;
+----------------------------+------------+------+---------------------+--------------+
; |TimeDisk                  ; 72         ; 68   ; |TimeDisk           ; work         ;
+----------------------------+------------+------+---------------------+--------------+


+----------------------------------------------------------------------------------------------+
; Control Signals                                                                              ;
+-------+----------+---------+--------------+--------+----------------------+------------------+
; Name  ; Location ; Fan-Out ; Usage        ; Global ; Global Resource Used ; Global Line Name ;
+-------+----------+---------+--------------+--------+----------------------+------------------+
; C7M   ; PIN_83   ; 35      ; Clock        ; yes    ; On                   ; --               ;
; S[0]  ; LC30     ; 32      ; Clock enable ; no     ; --                   ; --               ;
; S[1]  ; LC18     ; 33      ; Clock enable ; no     ; --                   ; --               ;
; S[2]  ; LC31     ; 33      ; Clock enable ; no     ; --                   ; --               ;
; nRESr ; LC27     ; 27      ; Clock enable ; no     ; --                   ; --               ;
+-------+----------+---------+--------------+--------+----------------------+------------------+


+---------------------------------------------------------------------+
; Global & Other Fast Signals                                         ;
+------+----------+---------+----------------------+------------------+
; Name ; Location ; Fan-Out ; Global Resource Used ; Global Line Name ;
+------+----------+---------+----------------------+------------------+
; C7M  ; PIN_83   ; 35      ; On                   ; --               ;
+------+----------+---------+----------------------+------------------+


+---------------------------------+
; Non-Global High Fan-Out Signals ;
+--------------+------------------+
; Name         ; Fan-Out          ;
+--------------+------------------+
; S[1]         ; 33               ;
; S[2]         ; 33               ;
; S[0]         ; 32               ;
; nRESr        ; 27               ;
; nDEVSEL      ; 17               ;
; A[3]         ; 16               ;
; A[2]         ; 16               ;
; A[1]         ; 16               ;
; A[0]         ; 16               ;
; nIOSTRB      ; 12               ;
; IncAddrM     ; 11               ;
; Addr[0]      ; 11               ;
; Addr[8]      ; 11               ;
; Addr[1]      ; 10               ;
; Addr[9]      ; 10               ;
; IncAddrL     ; 10               ;
; Addr[2]      ; 9                ;
; Addr[10]     ; 9                ;
; AddrLWR_MC   ; 9                ;
; AddrMWR_MC   ; 9                ;
; Addr[3]      ; 8                ;
; Addr[11]     ; 8                ;
; REGEN        ; 8                ;
; RDOE~1       ; 8                ;
; DOE~8        ; 8                ;
; Addr[12]     ; 7                ;
; Addr[4]      ; 7                ;
; nWE          ; 6                ;
; Addr[16]     ; 6                ;
; IncAddrH     ; 6                ;
; Addr[13]     ; 6                ;
; Addr[5]      ; 6                ;
; D[7]~7       ; 5                ;
; D[0]~0       ; 5                ;
; nIOSEL       ; 5                ;
; Addr[14]     ; 5                ;
; Addr[7]      ; 5                ;
; Addr[6]      ; 5                ;
; Addr[17]     ; 5                ;
; D[3]~3       ; 4                ;
; D[2]~2       ; 4                ;
; D[1]~1       ; 4                ;
; PHI1         ; 4                ;
; Addr[15]     ; 4                ;
; Addr[18]     ; 4                ;
; AddrHWR_MC   ; 4                ;
; CSDBEN       ; 4                ;
; PHI0rf[0]    ; 4                ;
; D[6]~6       ; 3                ;
; D[5]~5       ; 3                ;
; D[4]~4       ; 3                ;
; Addr[19]     ; 3                ;
; Bank[0]      ; 3                ;
; IOROMEN      ; 3                ;
; PHI0rf[1]    ; 3                ;
; RD[0]~0      ; 2                ;
; RAMROMCSgb   ; 2                ;
; RAMSEL_MC    ; 2                ;
; RESIO_MC     ; 2                ;
; RD[7]~7      ; 1                ;
; RD[6]~6      ; 1                ;
; RD[5]~5      ; 1                ;
; RD[4]~4      ; 1                ;
; RD[3]~3      ; 1                ;
; RD[2]~2      ; 1                ;
; RD[1]~1      ; 1                ;
; A[11]        ; 1                ;
; A[10]        ; 1                ;
; A[9]         ; 1                ;
; A[8]         ; 1                ;
; A[7]         ; 1                ;
; A[6]         ; 1                ;
; A[5]         ; 1                ;
; A[4]         ; 1                ;
; nRES         ; 1                ;
; IncAddrM~15  ; 1                ;
; IncAddrH~17  ; 1                ;
; Dout[0]~99   ; 1                ;
; RAH~23       ; 1                ;
; RAH~20       ; 1                ;
; RAH~18       ; 1                ;
; RAH~16       ; 1                ;
; RAH~14       ; 1                ;
; comb~38      ; 1                ;
; RAH~12       ; 1                ;
; RAH~10       ; 1                ;
; RAMCS_MC     ; 1                ;
; nRAMROMCS_MC ; 1                ;
; nROMCS_MC    ; 1                ;
; ModeLoaded   ; 1                ;
; nRESr0       ; 1                ;
; D[7]~38      ; 1                ;
; D[6]~36      ; 1                ;
; D[5]~34      ; 1                ;
; D[4]~32      ; 1                ;
; D[3]~30      ; 1                ;
; D[2]~28      ; 1                ;
; D[1]~26      ; 1                ;
; D[0]~24      ; 1                ;
; Dout[7]~98   ; 1                ;
; Dout[6]~92   ; 1                ;
; Dout[5]~86   ; 1                ;
; Dout[4]~80   ; 1                ;
; Dout[3]~74   ; 1                ;
; Dout[2]~68   ; 1                ;
; Dout[1]~62   ; 1                ;
; Dout[0]~56   ; 1                ;
+--------------+------------------+


+--------------------------------------------------+
; Other Routing Usage Summary                      ;
+-----------------------------+--------------------+
; Other Routing Resource Type ; Usage              ;
+-----------------------------+--------------------+
; Output enables              ; 3 / 6 ( 50 % )     ;
; PIA buffers                 ; 172 / 288 ( 60 % ) ;
; PIAs                        ; 200 / 288 ( 69 % ) ;
+-----------------------------+--------------------+


+-----------------------------------------------------------------------------+
; LAB External Interconnect                                                   ;
+-----------------------------------------------+-----------------------------+
; LAB External Interconnects  (Average = 25.00) ; Number of LABs  (Total = 8) ;
+-----------------------------------------------+-----------------------------+
; 0 - 2                                         ; 0                           ;
; 3 - 5                                         ; 0                           ;
; 6 - 8                                         ; 0                           ;
; 9 - 11                                        ; 0                           ;
; 12 - 14                                       ; 2                           ;
; 15 - 17                                       ; 0                           ;
; 18 - 20                                       ; 1                           ;
; 21 - 23                                       ; 0                           ;
; 24 - 26                                       ; 0                           ;
; 27 - 29                                       ; 1                           ;
; 30 - 32                                       ; 4                           ;
+-----------------------------------------------+-----------------------------+


+----------------------------------------------------------------------+
; LAB Macrocells                                                       ;
+----------------------------------------+-----------------------------+
; Number of Macrocells  (Average = 9.00) ; Number of LABs  (Total = 8) ;
+----------------------------------------+-----------------------------+
; 0                                      ; 0                           ;
; 1                                      ; 0                           ;
; 2                                      ; 0                           ;
; 3                                      ; 1                           ;
; 4                                      ; 1                           ;
; 5                                      ; 0                           ;
; 6                                      ; 0                           ;
; 7                                      ; 1                           ;
; 8                                      ; 1                           ;
; 9                                      ; 0                           ;
; 10                                     ; 1                           ;
; 11                                     ; 0                           ;
; 12                                     ; 1                           ;
; 13                                     ; 1                           ;
; 14                                     ; 0                           ;
; 15                                     ; 1                           ;
+----------------------------------------+-----------------------------+


+---------------------------------------------------------+
; Parallel Expander                                       ;
+--------------------------+------------------------------+
; Parallel Expander Length ; Number of Parallel Expanders ;
+--------------------------+------------------------------+
; 0                        ; 0                            ;
; 1                        ; 3                            ;
+--------------------------+------------------------------+


+------------------------------------------------------------------------------------------------------------------------------------------------------------------------------------------------------------------------------------------------------------------------------------------------------------------------------------------------------------------------------------------------------------------------------------------------------------------------------------------------+
; Logic Cell Interconnection                                                                                                                                                                                                                                                                                                                                                                                                                                                                     ;
+-----+------------+--------------------------------------------------------------------------------------------------------------------------------------------------------+--------------------------------------------------------------------------------------------------------------------------------------------------------------------------------------------------------------------------------------------------------------------------------------------------------------------+
; LAB ; Logic Cell ; Input                                                                                                                                                  ; Output                                                                                                                                                                                                                                                                                                             ;
+-----+------------+--------------------------------------------------------------------------------------------------------------------------------------------------------+--------------------------------------------------------------------------------------------------------------------------------------------------------------------------------------------------------------------------------------------------------------------------------------------------------------------+
;  A  ; LC16       ; RD[6], nDEVSEL, A[1], A[2], A[3], A[0], Addr[6], Addr[14]                                                                                              ; D[6]                                                                                                                                                                                                                                                                                                               ;
;  A  ; LC14       ; RD[7], nDEVSEL, A[1], A[2], A[3], A[0], Addr[7], Addr[15]                                                                                              ; D[7]                                                                                                                                                                                                                                                                                                               ;
;  A  ; LC3        ; Addr[18], nIOSTRB                                                                                                                                      ; RAH[18]                                                                                                                                                                                                                                                                                                            ;
;  B  ; LC28       ; C7M, PHI1                                                                                                                                              ; PHI0rf[1], S[2], S[1], S[0]                                                                                                                                                                                                                                                                                        ;
;  B  ; LC24       ; nDEVSEL, RAMROMCSgb, CSDBEN, nWE, RAMSEL_MC, nIOSEL, IOROMEN, nIOSTRB                                                                                  ; D[0], D[1], D[2], D[3], D[4], D[5], D[6], D[7]                                                                                                                                                                                                                                                                     ;
;  B  ; LC25       ; nIOSEL, IOROMEN, nIOSTRB, RAMROMCSgb, CSDBEN                                                                                                           ; nROMCS                                                                                                                                                                                                                                                                                                             ;
;  B  ; LC21       ; A[2], A[3], REGEN, nDEVSEL, A[0], A[1], nIOSEL                                                                                                         ; nRAMROMCS                                                                                                                                                                                                                                                                                                          ;
;  B  ; LC32       ; CSDBEN, nWE                                                                                                                                            ; RD[0], RD[1], RD[2], RD[3], RD[4], RD[5], RD[6], RD[7]                                                                                                                                                                                                                                                             ;
;  B  ; LC29       ; C7M, nRES                                                                                                                                              ; nRESr                                                                                                                                                                                                                                                                                                              ;
;  B  ; LC23       ; C7M, PHI0rf[0]                                                                                                                                         ; S[2], S[1], S[0]                                                                                                                                                                                                                                                                                                   ;
;  B  ; LC20       ; A[4], A[5], A[6], A[7], A[8], A[9], A[10], nIOSTRB, A[2], A[3], A[0], A[1]                                                                             ; CSDBEN, IOROMEN                                                                                                                                                                                                                                                                                                    ;
;  B  ; LC31       ; C7M, PHI0rf[0], PHI0rf[1], PHI1, S[0], S[2], S[1]                                                                                                      ; S[2], CSDBEN, S[1], S[0], nRESr, ModeLoaded, IOROMEN, REGEN, Bank[0], IncAddrL, Addr[17], Addr[5], Addr[8], Addr[18], Addr[6], Addr[9], Addr[19], Addr[7], Addr[10], Addr[11], Addr[13], Addr[14], Addr[15], IncAddrH, Addr[16], Addr[0], Addr[1], Addr[2], Addr[3], Addr[4], IncAddrM, Addr[12], IncAddrM~15      ;
;  B  ; LC22       ; C7M, S[2], nIOSTRB, RESIO_MC                                                                                                                           ; DOE~8, RDOE~1, nROMCS_MC, RAMCS_MC                                                                                                                                                                                                                                                                                 ;
;  B  ; LC18       ; C7M, PHI0rf[0], PHI0rf[1], PHI1, S[2], S[0], S[1]                                                                                                      ; S[2], S[1], S[0], nRESr, ModeLoaded, IOROMEN, REGEN, Bank[0], IncAddrL, Addr[17], Addr[5], Addr[8], Addr[18], Addr[6], Addr[9], Addr[19], Addr[7], Addr[10], Addr[11], Addr[13], Addr[14], Addr[15], IncAddrH, Addr[16], Addr[0], Addr[1], Addr[2], Addr[3], Addr[4], IncAddrM, Addr[12], IncAddrH~17, IncAddrM~15 ;
;  B  ; LC30       ; C7M, PHI0rf[0], PHI0rf[1], PHI1, S[0], S[1], S[2]                                                                                                      ; S[2], S[1], S[0], nRESr, ModeLoaded, IOROMEN, REGEN, Bank[0], IncAddrL, Addr[17], Addr[5], Addr[8], Addr[18], Addr[6], Addr[9], Addr[19], Addr[7], Addr[10], Addr[11], Addr[13], Addr[14], Addr[15], IncAddrH, Addr[16], Addr[0], Addr[1], Addr[2], Addr[3], Addr[4], IncAddrM, Addr[12], IncAddrM~15              ;
;  B  ; LC27       ; C7M, nRESr0, nRESr, S[0], S[1], S[2]                                                                                                                   ; nRESr, ModeLoaded, IOROMEN, REGEN, Bank[0], Addr[17], Addr[5], Addr[8], Addr[18], Addr[6], Addr[9], Addr[19], Addr[7], Addr[10], Addr[11], Addr[13], Addr[14], Addr[15], Addr[16], Addr[0], Addr[1], Addr[2], Addr[3], Addr[4], Addr[12], IncAddrH~17, IncAddrM~15                                                 ;
;  B  ; LC19       ; C7M, nIOSEL, S[2], S[0], S[1], RESIO_MC, IOROMEN, nRESr                                                                                                ; DOE~8, IOROMEN, nROMCS_MC                                                                                                                                                                                                                                                                                          ;
;  B  ; LC26       ; C7M, S[2], nIOSEL, S[0], S[1], REGEN, nRESr                                                                                                            ; REGEN, RAMSEL_MC, AddrHWR_MC, nRAMROMCS_MC, RAMCS_MC, Bank[0], AddrMWR_MC, AddrLWR_MC                                                                                                                                                                                                                              ;
;  C  ; LC44       ; C7M, D[2], AddrHWR_MC, S[1], S[0], S[2], Addr[18], Addr[16], Addr[17], IncAddrH, nRESr                                                                 ; Dout[2]~68, Addr[18], RAH~12, Addr[19]                                                                                                                                                                                                                                                                             ;
;  C  ; LC48       ; C7M, D[1], AddrHWR_MC, S[1], S[2], S[0], Addr[17], Addr[16], IncAddrH, nRESr                                                                           ; Dout[1]~62, Addr[17], RAH~10, Addr[18], Addr[19]                                                                                                                                                                                                                                                                   ;
;  C  ; LC40       ; C7M, D[0], AddrHWR_MC, S[0], S[2], S[1], Addr[16], IncAddrH, nRESr                                                                                     ; Dout[0]~56, Addr[17], Addr[18], Addr[19], Addr[16], RAH~20                                                                                                                                                                                                                                                         ;
;  C  ; LC45       ; C7M, S[2], S[1], S[0], RAMSEL_MC, IncAddrL                                                                                                             ; IncAddrL, Addr[5], Addr[6], Addr[7], Addr[0], Addr[1], Addr[2], Addr[3], Addr[4], IncAddrM~15                                                                                                                                                                                                                      ;
;  D  ; LC49       ; D[0]                                                                                                                                                   ; RD[0]                                                                                                                                                                                                                                                                                                              ;
;  D  ; LC51       ; D[1]                                                                                                                                                   ; RD[1]                                                                                                                                                                                                                                                                                                              ;
;  D  ; LC53       ; D[2]                                                                                                                                                   ; RD[2]                                                                                                                                                                                                                                                                                                              ;
;  D  ; LC56       ; D[3]                                                                                                                                                   ; RD[3]                                                                                                                                                                                                                                                                                                              ;
;  D  ; LC57       ; D[4]                                                                                                                                                   ; RD[4]                                                                                                                                                                                                                                                                                                              ;
;  D  ; LC59       ; D[5]                                                                                                                                                   ; RD[5]                                                                                                                                                                                                                                                                                                              ;
;  D  ; LC61       ; D[6]                                                                                                                                                   ; RD[6]                                                                                                                                                                                                                                                                                                              ;
;  D  ; LC60       ; C7M, S[0], S[1], S[2], AddrMWR_MC, D[5], Addr[13], nRESr, IncAddrM, Addr[12], Addr[11], Addr[10], Addr[8], Addr[9]                                     ; Dout[5]~86, Addr[13], RAH~14, Addr[14], Addr[15], IncAddrH                                                                                                                                                                                                                                                         ;
;  E  ; LC77       ; Addr[11], nIOSTRB, A[11]                                                                                                                               ; RA11                                                                                                                                                                                                                                                                                                               ;
;  E  ; LC80       ; C7M, Addr[0], IncAddrL, nRESr, S[1], S[0], S[2], D[1], AddrLWR_MC, Addr[1]                                                                             ; Dout[1]~62, Addr[5], Addr[6], Addr[7], Addr[1], RAL[1], Addr[2], Addr[3], Addr[4], IncAddrM~15                                                                                                                                                                                                                     ;
;  E  ; LC69       ; Addr[15], nIOSTRB                                                                                                                                      ; RAH[15]                                                                                                                                                                                                                                                                                                            ;
;  E  ; LC71       ; C7M, IncAddrM~15, S[0], IncAddrM, S[1], Addr[7], D[7], AddrLWR_MC, S[2]                                                                                ; Addr[8], Addr[9], Addr[10], Addr[11], Addr[13], Addr[14], Addr[15], IncAddrH, IncAddrM, Addr[12], IncAddrM~15                                                                                                                                                                                                      ;
;  E  ; LC65       ; D[7]                                                                                                                                                   ; RD[7]                                                                                                                                                                                                                                                                                                              ;
;  E  ; LC67       ; CSDBEN, A[2], A[3], REGEN, nDEVSEL, A[0], A[1]                                                                                                         ; RAMCS                                                                                                                                                                                                                                                                                                              ;
;  E  ; LC70       ; Addr[4], Addr[5], Addr[6], Addr[3], Addr[2], Addr[1], Addr[0], nRESr, Addr[7], IncAddrL, S[0], S[2], S[1], IncAddrM                                    ; IncAddrM                                                                                                                                                                                                                                                                                                           ;
;  E  ; LC72       ; C7M, nRESr, Addr[4], Addr[3], Addr[2], Addr[1], Addr[0], IncAddrL, S[0], S[1], S[2], D[5], AddrLWR_MC, Addr[5]                                         ; Dout[5]~86, Addr[5], RAL[5], Addr[6], Addr[7], IncAddrM~15                                                                                                                                                                                                                                                         ;
;  E  ; LC75       ; C7M, S[0], S[1], S[2], AddrMWR_MC, D[1], Addr[9], nRESr, IncAddrM, Addr[8]                                                                             ; Dout[1]~62, Addr[9], RAL[9], Addr[10], Addr[11], Addr[13], Addr[14], Addr[15], IncAddrH, Addr[12]                                                                                                                                                                                                                  ;
;  E  ; LC73       ; C7M, nRESr, Addr[6], Addr[5], Addr[4], Addr[3], Addr[2], Addr[1], Addr[0], IncAddrL, S[0], S[1], S[2], D[7], AddrLWR_MC, Addr[7]                       ; Dout[7]~98, Addr[7], RAL[7], IncAddrM, IncAddrM~15                                                                                                                                                                                                                                                                 ;
;  F  ; LC96       ; C7M, nRESr, S[0], S[1], S[2]                                                                                                                           ; RA11                                                                                                                                                                                                                                                                                                               ;
;  F  ; LC91       ; C7M, nRESr, Addr[5], Addr[4], Addr[3], Addr[2], Addr[1], Addr[0], IncAddrL, S[0], S[1], S[2], D[6], AddrLWR_MC, Addr[6]                                ; Dout[6]~92, Addr[6], RAL[6], Addr[7], IncAddrM~15                                                                                                                                                                                                                                                                  ;
;  F  ; LC92       ; C7M, S[1], S[2], nWE, A[2], A[3], A[0], A[1], REGEN, nDEVSEL, D[0], S[0], Bank[0], nRESr                                                               ; Dout[0]~56, Bank[0], RAH~23                                                                                                                                                                                                                                                                                        ;
;  F  ; LC89       ; A[0], A[1], nWE, A[2], A[3], REGEN, nDEVSEL                                                                                                            ; Addr[17], Addr[18], Addr[19], Addr[16]                                                                                                                                                                                                                                                                             ;
;  F  ; LC86       ; C7M, S[0], S[1], S[2], AddrMWR_MC, D[2], Addr[10], nRESr, IncAddrM, Addr[8], Addr[9]                                                                   ; Dout[2]~68, Addr[10], RAL[10], Addr[11], Addr[13], Addr[14], Addr[15], IncAddrH, Addr[12]                                                                                                                                                                                                                          ;
;  F  ; LC81       ; A[0], A[1], nWE, A[2], A[3], REGEN, nDEVSEL                                                                                                            ; Addr[5], Addr[6], Addr[7], Addr[0], Addr[1], Addr[2], Addr[3], Addr[4], IncAddrM                                                                                                                                                                                                                                   ;
;  F  ; LC88       ; C7M, S[0], AddrMWR_MC, S[2], D[0], S[1], Addr[8], nRESr, IncAddrM                                                                                      ; Dout[0]~56, Addr[8], RAL[8], Addr[9], Addr[10], Addr[11], Addr[13], Addr[14], Addr[15], IncAddrH, Addr[12]                                                                                                                                                                                                         ;
;  F  ; LC94       ; Addr[16], nIOSTRB                                                                                                                                      ; RAH[16]                                                                                                                                                                                                                                                                                                            ;
;  F  ; LC85       ; C7M, nRESr, S[0], S[1], S[2], IncAddrL, D[0], AddrLWR_MC, Addr[0]                                                                                      ; Dout[0]~56, Addr[5], Addr[6], Addr[7], Addr[0], RAL[0], Addr[1], Addr[2], Addr[3], Addr[4], IncAddrM~15                                                                                                                                                                                                            ;
;  F  ; LC95       ; A[0], A[1], nWE, A[2], A[3], REGEN, nDEVSEL                                                                                                            ; Addr[8], Addr[9], Addr[10], Addr[11], Addr[13], Addr[14], Addr[15], IncAddrH, Addr[12]                                                                                                                                                                                                                             ;
;  F  ; LC83       ; C7M, nRESr, Addr[1], Addr[0], IncAddrL, S[0], S[1], S[2], D[2], AddrLWR_MC, Addr[2]                                                                    ; Dout[2]~68, Addr[5], Addr[6], Addr[7], Addr[2], RAL[2], Addr[3], Addr[4], IncAddrM~15                                                                                                                                                                                                                              ;
;  F  ; LC82       ; A[2], A[3], REGEN, nDEVSEL, A[0], A[1]                                                                                                                 ; DOE~8, IncAddrL                                                                                                                                                                                                                                                                                                    ;
;  F  ; LC93       ; Addr[12], nIOSTRB, Bank[0]                                                                                                                             ; RAH[12]                                                                                                                                                                                                                                                                                                            ;
;  G  ; LC101      ; C7M, D[3], AddrHWR_MC, S[1], S[0], S[2], Addr[19], Addr[18], Addr[16], Addr[17], IncAddrH, nRESr                                                       ; Dout[3]~74, Addr[19], RAH[19]                                                                                                                                                                                                                                                                                      ;
;  G  ; LC111      ; C7M, S[0], S[1], S[2], AddrMWR_MC, D[3], Addr[11], nRESr, IncAddrM, Addr[10], Addr[8], Addr[9]                                                         ; Dout[3]~74, Addr[11], comb~38, Addr[13], Addr[14], Addr[15], IncAddrH, Addr[12]                                                                                                                                                                                                                                    ;
;  G  ; LC105      ; Addr[17], nIOSTRB                                                                                                                                      ; RAH[17]                                                                                                                                                                                                                                                                                                            ;
;  G  ; LC112      ; C7M, S[0], S[1], S[2], AddrMWR_MC, D[6], Addr[14], nRESr, IncAddrM, Addr[13], Addr[12], Addr[11], Addr[10], Addr[8], Addr[9]                           ; Dout[6]~92, Addr[14], RAH~16, Addr[15], IncAddrH                                                                                                                                                                                                                                                                   ;
;  G  ; LC104      ; Addr[14], nIOSTRB                                                                                                                                      ; RAH[14]                                                                                                                                                                                                                                                                                                            ;
;  G  ; LC102      ; C7M, S[0], S[1], S[2], AddrMWR_MC, D[7], Addr[15], nRESr, IncAddrM, Addr[14], Addr[13], Addr[12], Addr[11], Addr[10], Addr[8], Addr[9]                 ; Dout[7]~98, Addr[15], RAH~18, IncAddrH                                                                                                                                                                                                                                                                             ;
;  G  ; LC109      ; C7M, IncAddrH~17, IncAddrH, S[1], S[0], IncAddrM, S[2], Addr[12], Addr[13], Addr[14], Addr[11], Addr[10], Addr[8], Addr[9], Addr[15], D[7], AddrMWR_MC ; Addr[17], Addr[18], Addr[19], IncAddrH, Addr[16], IncAddrH~17                                                                                                                                                                                                                                                      ;
;  G  ; LC97       ; C7M, nRESr, Addr[2], Addr[1], Addr[0], IncAddrL, S[0], S[1], S[2], D[3], AddrLWR_MC, Addr[3]                                                           ; Dout[3]~74, Addr[5], Addr[6], Addr[7], Addr[3], RAL[3], Addr[4], IncAddrM~15                                                                                                                                                                                                                                       ;
;  G  ; LC99       ; C7M, nRESr, Addr[3], Addr[2], Addr[1], Addr[0], IncAddrL, S[0], S[1], S[2], D[4], AddrLWR_MC, Addr[4]                                                  ; Dout[4]~80, Addr[5], Addr[6], Addr[7], Addr[4], RAL[4], IncAddrM~15                                                                                                                                                                                                                                                ;
;  G  ; LC110      ; C7M, S[0], S[1], S[2], AddrMWR_MC, D[4], Addr[12], nRESr, IncAddrM, Addr[11], Addr[10], Addr[8], Addr[9]                                               ; Dout[4]~80, Addr[13], Addr[14], Addr[15], IncAddrH, Addr[12], RAH~23                                                                                                                                                                                                                                               ;
;  G  ; LC108      ; nRESr, IncAddrH, S[1]                                                                                                                                  ; IncAddrH                                                                                                                                                                                                                                                                                                           ;
;  G  ; LC107      ; Addr[13], nIOSTRB                                                                                                                                      ; RAH[13]                                                                                                                                                                                                                                                                                                            ;
;  H  ; LC120      ; RD[1], nDEVSEL, A[1], A[0], A[2], A[3], Addr[17], Addr[1], Addr[9]                                                                                     ; D[1]                                                                                                                                                                                                                                                                                                               ;
;  H  ; LC123      ; RD[2], nDEVSEL, A[1], A[0], A[2], A[3], Addr[18], Addr[2], Addr[10]                                                                                    ; D[2]                                                                                                                                                                                                                                                                                                               ;
;  H  ; LC125      ; RD[3], nDEVSEL, A[1], A[0], A[2], A[3], Addr[19], Addr[3], Addr[11]                                                                                    ; D[3]                                                                                                                                                                                                                                                                                                               ;
;  H  ; LC126      ; RD[4], nDEVSEL, A[1], A[2], A[3], A[0], Addr[4], Addr[12]                                                                                              ; D[4]                                                                                                                                                                                                                                                                                                               ;
;  H  ; LC118      ; Dout[0]~99, RD[0], A[3], A[2], A[0], A[1], Addr[16], nDEVSEL, Addr[0], Addr[8], Bank[0]                                                                ; D[0]                                                                                                                                                                                                                                                                                                               ;
;  H  ; LC128      ; RD[5], nDEVSEL, A[1], A[2], A[3], A[0], Addr[5], Addr[13]                                                                                              ; D[5]                                                                                                                                                                                                                                                                                                               ;
;  H  ; LC117      ; RD[0], nDEVSEL                                                                                                                                         ; Dout[0]~56                                                                                                                                                                                                                                                                                                         ;
+-----+------------+--------------------------------------------------------------------------------------------------------------------------------------------------------+--------------------------------------------------------------------------------------------------------------------------------------------------------------------------------------------------------------------------------------------------------------------------------------------------------------------+


+---------------------------------------------------------------+
; Fitter Device Options                                         ;
+----------------------------------------------+----------------+
; Option                                       ; Setting        ;
+----------------------------------------------+----------------+
; Enable user-supplied start-up clock (CLKUSR) ; Off            ;
; Enable device-wide reset (DEV_CLRn)          ; Off            ;
; Enable device-wide output enable (DEV_OE)    ; Off            ;
; Enable INIT_DONE output                      ; Off            ;
; Configuration scheme                         ; Passive Serial ;
; Security bit                                 ; Off            ;
; Base pin-out file on sameframe device        ; Off            ;
+----------------------------------------------+----------------+


+-----------------+
; Fitter Messages ;
+-----------------+
Warning (20028): Parallel compilation is not licensed and has been disabled
Info (119006): Selected device EPM7128SLC84-15 for design "TimeDisk"
Info: Quartus II 64-Bit Fitter was successful. 0 errors, 1 warning
    Info: Peak virtual memory: 460 megabytes
    Info: Processing ended: Wed Mar 22 22:11:05 2023
    Info: Elapsed time: 00:00:00
    Info: Total CPU time (on all processors): 00:00:01


