Fitter report for TimeMachine
Sun Feb 19 21:28:22 2023
Quartus II 64-Bit Version 13.0.1 Build 232 06/12/2013 Service Pack 1 SJ Web Edition


---------------------
; Table of Contents ;
---------------------
  1. Legal Notice
  2. Fitter Summary
  3. Fitter Settings
  4. Parallel Compilation
  5. Pin-Out File
  6. Fitter Resource Usage Summary
  7. Input Pins
  8. Output Pins
  9. Bidir Pins
 10. All Package Pins
 11. I/O Standard
 12. Dedicated Inputs I/O
 13. Output Pin Default Load For Reported TCO
 14. Fitter Resource Utilization by Entity
 15. Control Signals
 16. Global & Other Fast Signals
 17. Non-Global High Fan-Out Signals
 18. Other Routing Usage Summary
 19. LAB External Interconnect
 20. LAB Macrocells
 21. Shareable Expander
 22. Logic Cell Interconnection
 23. Fitter Device Options
 24. Fitter Messages



----------------
; Legal Notice ;
----------------
Copyright (C) 1991-2013 Altera Corporation
Your use of Altera Corporation's design tools, logic functions 
and other software and tools, and its AMPP partner logic 
functions, and any output files from any of the foregoing 
(including device programming or simulation files), and any 
associated documentation or information are expressly subject 
to the terms and conditions of the Altera Program License 
Subscription Agreement, Altera MegaCore Function License 
Agreement, or other applicable license agreement, including, 
without limitation, that your use is for the sole purpose of 
programming logic devices manufactured by Altera and sold by 
Altera or its authorized distributors.  Please refer to the 
applicable agreement for further details.



+-----------------------------------------------------------------------------+
; Fitter Summary                                                              ;
+---------------------------+-------------------------------------------------+
; Fitter Status             ; Successful - Sun Feb 19 21:28:22 2023           ;
; Quartus II 64-Bit Version ; 13.0.1 Build 232 06/12/2013 SP 1 SJ Web Edition ;
; Revision Name             ; TimeMachine                                     ;
; Top-level Entity Name     ; TimeMachine                                     ;
; Family                    ; MAX7000S                                        ;
; Device                    ; EPM7128SLC84-15                                 ;
; Timing Models             ; Final                                           ;
; Total macrocells          ; 72 / 128 ( 56 % )                               ;
; Total pins                ; 68 / 68 ( 100 % )                               ;
+---------------------------+-------------------------------------------------+


+--------------------------------------------------------------------------------------------------------------------+
; Fitter Settings                                                                                                    ;
+----------------------------------------------------------------------------+-----------------------+---------------+
; Option                                                                     ; Setting               ; Default Value ;
+----------------------------------------------------------------------------+-----------------------+---------------+
; Device                                                                     ; EPM7128SLC84-15       ;               ;
; Optimize Timing for ECOs                                                   ; On                    ; Off           ;
; Regenerate full fit report during ECO compiles                             ; On                    ; Off           ;
; Optimize IOC Register Placement for Timing                                 ; Pack All IO Registers ; Normal        ;
; Slow Slew Rate                                                             ; On                    ; Off           ;
; Fitter Effort                                                              ; Standard Fit          ; Auto Fit      ;
; Use smart compilation                                                      ; Off                   ; Off           ;
; Enable parallel Assembler and TimeQuest Timing Analyzer during compilation ; On                    ; On            ;
; Enable compact report table                                                ; Off                   ; Off           ;
; Optimize Multi-Corner Timing                                               ; Off                   ; Off           ;
; Fitter Initial Placement Seed                                              ; 1                     ; 1             ;
; Force Fitter to Avoid Periphery Placement Warnings                         ; Off                   ; Off           ;
+----------------------------------------------------------------------------+-----------------------+---------------+


Parallel compilation was disabled, but you have multiple processors available. Enable parallel compilation to reduce compilation time.
+-------------------------------------+
; Parallel Compilation                ;
+----------------------------+--------+
; Processors                 ; Number ;
+----------------------------+--------+
; Number detected on machine ; 12     ;
; Maximum allowed            ; 1      ;
+----------------------------+--------+


+--------------+
; Pin-Out File ;
+--------------+
The pin-out file can be found in C:/Users/garre/Repos/TimeDisk/cpld/output_files/TimeMachine.pin.


+--------------------------------------------------+
; Fitter Resource Usage Summary                    ;
+------------------------------+-------------------+
; Resource                     ; Usage             ;
+------------------------------+-------------------+
; Logic cells                  ; 72 / 128 ( 56 % ) ;
; Registers                    ; 38 / 128 ( 30 % ) ;
; Number of pterms used        ; 215               ;
; I/O pins                     ; 68 / 68 ( 100 % ) ;
;     -- Clock pins            ; 2 / 2 ( 100 % )   ;
;     -- Dedicated input pins  ; 2 / 2 ( 100 % )   ;
;                              ;                   ;
; Global signals               ; 1                 ;
; Shareable expanders          ; 11 / 128 ( 9 % )  ;
; Parallel expanders           ; 0 / 120 ( 0 % )   ;
; Cells using turbo bit        ; 1 / 128 ( < 1 % ) ;
; Maximum fan-out              ; 38                ;
; Highest non-global fan-out   ; 37                ;
; Total fan-out                ; 655               ;
; Average fan-out              ; 4.34              ;
+------------------------------+-------------------+


+--------------------------------------------------------------------------------------------------------------------------------------------------+
; Input Pins                                                                                                                                       ;
+------------+-------+----------+-----+-----------------------+--------------------+--------+----------------+--------------+----------------------+
; Name       ; Pin # ; I/O Bank ; LAB ; Combinational Fan-Out ; Registered Fan-Out ; Global ; Input Register ; I/O Standard ; Location assigned by ;
+------------+-------+----------+-----+-----------------------+--------------------+--------+----------------+--------------+----------------------+
; A[0]       ; 22    ; --       ; 2   ; 14                    ; 0                  ; no     ; no             ; TTL          ; User                 ;
; A[10]      ; 21    ; --       ; 2   ; 1                     ; 0                  ; no     ; no             ; TTL          ; User                 ;
; A[11]      ; 74    ; --       ; 8   ; 1                     ; 0                  ; no     ; no             ; TTL          ; User                 ;
; A[12]      ; 84    ; --       ; --  ; 0                     ; 0                  ; no     ; no             ; TTL          ; User                 ;
; A[13]      ; 6     ; --       ; 1   ; 0                     ; 0                  ; no     ; no             ; TTL          ; User                 ;
; A[14]      ; 8     ; --       ; 1   ; 0                     ; 0                  ; no     ; no             ; TTL          ; User                 ;
; A[15]      ; 9     ; --       ; 1   ; 0                     ; 0                  ; no     ; no             ; TTL          ; User                 ;
; A[1]       ; 24    ; --       ; 3   ; 14                    ; 0                  ; no     ; no             ; TTL          ; User                 ;
; A[2]       ; 25    ; --       ; 3   ; 14                    ; 0                  ; no     ; no             ; TTL          ; User                 ;
; A[3]       ; 27    ; --       ; 3   ; 14                    ; 0                  ; no     ; no             ; TTL          ; User                 ;
; A[4]       ; 28    ; --       ; 3   ; 1                     ; 0                  ; no     ; no             ; TTL          ; User                 ;
; A[5]       ; 29    ; --       ; 3   ; 1                     ; 0                  ; no     ; no             ; TTL          ; User                 ;
; A[6]       ; 30    ; --       ; 3   ; 1                     ; 0                  ; no     ; no             ; TTL          ; User                 ;
; A[7]       ; 31    ; --       ; 3   ; 1                     ; 0                  ; no     ; no             ; TTL          ; User                 ;
; A[8]       ; 70    ; --       ; 7   ; 1                     ; 0                  ; no     ; no             ; TTL          ; User                 ;
; A[9]       ; 73    ; --       ; 8   ; 1                     ; 0                  ; no     ; no             ; TTL          ; User                 ;
; C7M        ; 83    ; --       ; --  ; 38                    ; 0                  ; yes    ; no             ; TTL          ; User                 ;
; PHI1       ; 2     ; --       ; --  ; 4                     ; 0                  ; no     ; no             ; TTL          ; User                 ;
; RAMROMCSgb ; 33    ; --       ; 4   ; 2                     ; 0                  ; no     ; no             ; TTL          ; User                 ;
; nDEVSEL    ; 11    ; --       ; 1   ; 14                    ; 0                  ; no     ; no             ; TTL          ; User                 ;
; nINH       ; 15    ; --       ; 2   ; 0                     ; 0                  ; no     ; no             ; TTL          ; User                 ;
; nIOSEL     ; 18    ; --       ; 2   ; 13                    ; 0                  ; no     ; no             ; TTL          ; User                 ;
; nIOSTRB    ; 16    ; --       ; 2   ; 11                    ; 0                  ; no     ; no             ; TTL          ; User                 ;
; nRES       ; 1     ; --       ; --  ; 2                     ; 0                  ; no     ; no             ; TTL          ; User                 ;
; nWE        ; 10    ; --       ; 1   ; 6                     ; 0                  ; no     ; no             ; TTL          ; User                 ;
+------------+-------+----------+-----+-----------------------+--------------------+--------+----------------+--------------+----------------------+


+-----------------------------------------------------------------------------------------------------------------------------------------------------------------------------------------------+
; Output Pins                                                                                                                                                                                   ;
+-----------+-------+----------+-----+-----------------+----------------+------------+---------------+--------------+----------------------+-------+----------------------+---------------------+
; Name      ; Pin # ; I/O Bank ; LAB ; Output Register ; Slow Slew Rate ; Open Drain ; TRI Primitive ; I/O Standard ; Location assigned by ; Load  ; Output Enable Source ; Output Enable Group ;
+-----------+-------+----------+-----+-----------------+----------------+------------+---------------+--------------+----------------------+-------+----------------------+---------------------+
; RAMCS     ; 45    ; --       ; 5   ; no              ; yes            ; no         ; no            ; TTL          ; User                 ; 10 pF ; -                    ; -                   ;
; RA[0]     ; 55    ; --       ; 6   ; no              ; yes            ; no         ; no            ; TTL          ; User                 ; 10 pF ; -                    ; -                   ;
; RA[10]    ; 56    ; --       ; 6   ; no              ; yes            ; no         ; no            ; TTL          ; User                 ; 10 pF ; -                    ; -                   ;
; RA[11]    ; 51    ; --       ; 5   ; no              ; yes            ; no         ; no            ; TTL          ; User                 ; 10 pF ; -                    ; -                   ;
; RA[12]    ; 60    ; --       ; 6   ; no              ; yes            ; no         ; no            ; TTL          ; User                 ; 10 pF ; -                    ; -                   ;
; RA[13]    ; 69    ; --       ; 7   ; no              ; yes            ; no         ; no            ; TTL          ; User                 ; 10 pF ; -                    ; -                   ;
; RA[14]    ; 67    ; --       ; 7   ; no              ; yes            ; no         ; no            ; TTL          ; User                 ; 10 pF ; -                    ; -                   ;
; RA[15]    ; 46    ; --       ; 5   ; no              ; yes            ; no         ; no            ; TTL          ; User                 ; 10 pF ; -                    ; -                   ;
; RA[16]    ; 61    ; --       ; 6   ; no              ; yes            ; no         ; no            ; TTL          ; User                 ; 10 pF ; -                    ; -                   ;
; RA[17]    ; 68    ; --       ; 7   ; no              ; yes            ; no         ; no            ; TTL          ; User                 ; 10 pF ; -                    ; -                   ;
; RA[18]    ; 12    ; --       ; 1   ; no              ; yes            ; no         ; no            ; TTL          ; User                 ; 10 pF ; -                    ; -                   ;
; RA[19]    ; 65    ; --       ; 7   ; no              ; yes            ; no         ; no            ; TTL          ; User                 ; 10 pF ; -                    ; -                   ;
; RA[1]     ; 52    ; --       ; 5   ; no              ; yes            ; no         ; no            ; TTL          ; User                 ; 10 pF ; -                    ; -                   ;
; RA[2]     ; 54    ; --       ; 6   ; no              ; yes            ; no         ; no            ; TTL          ; User                 ; 10 pF ; -                    ; -                   ;
; RA[3]     ; 63    ; --       ; 7   ; no              ; yes            ; no         ; no            ; TTL          ; User                 ; 10 pF ; -                    ; -                   ;
; RA[4]     ; 64    ; --       ; 7   ; no              ; yes            ; no         ; no            ; TTL          ; User                 ; 10 pF ; -                    ; -                   ;
; RA[5]     ; 48    ; --       ; 5   ; no              ; yes            ; no         ; no            ; TTL          ; User                 ; 10 pF ; -                    ; -                   ;
; RA[6]     ; 58    ; --       ; 6   ; no              ; yes            ; no         ; no            ; TTL          ; User                 ; 10 pF ; -                    ; -                   ;
; RA[7]     ; 49    ; --       ; 5   ; no              ; yes            ; no         ; no            ; TTL          ; User                 ; 10 pF ; -                    ; -                   ;
; RA[8]     ; 57    ; --       ; 6   ; no              ; yes            ; no         ; no            ; TTL          ; User                 ; 10 pF ; -                    ; -                   ;
; RA[9]     ; 50    ; --       ; 5   ; no              ; yes            ; no         ; no            ; TTL          ; User                 ; 10 pF ; -                    ; -                   ;
; nRAMROMCS ; 20    ; --       ; 2   ; no              ; yes            ; no         ; no            ; TTL          ; User                 ; 10 pF ; -                    ; -                   ;
; nROMCS    ; 17    ; --       ; 2   ; no              ; yes            ; no         ; no            ; TTL          ; User                 ; 10 pF ; -                    ; -                   ;
+-----------+-------+----------+-----+-----------------+----------------+------------+---------------+--------------+----------------------+-------+----------------------+---------------------+


+--------------------------------------------------------------------------------------------------------------------------------------------------------------------------------------------------------------------------------------------------+
; Bidir Pins                                                                                                                                                                                                                                       ;
+-------+-------+----------+-----+-----------------------+--------------------+--------+----------------+-----------------+----------------+------------+--------------+----------------------+-------+----------------------+---------------------+
; Name  ; Pin # ; I/O Bank ; LAB ; Combinational Fan-Out ; Registered Fan-Out ; Global ; Input Register ; Output Register ; Slow Slew Rate ; Open Drain ; I/O Standard ; Location assigned by ; Load  ; Output Enable Source ; Output Enable Group ;
+-------+-------+----------+-----+-----------------------+--------------------+--------+----------------+-----------------+----------------+------------+--------------+----------------------+-------+----------------------+---------------------+
; D[0]  ; 75    ; --       ; 8   ; 5                     ; 0                  ; no     ; no             ; no              ; yes            ; no         ; TTL          ; User                 ; 10 pF ; DOE~8                ; -                   ;
; D[1]  ; 76    ; --       ; 8   ; 4                     ; 0                  ; no     ; no             ; no              ; yes            ; no         ; TTL          ; User                 ; 10 pF ; DOE~8                ; -                   ;
; D[2]  ; 77    ; --       ; 8   ; 4                     ; 0                  ; no     ; no             ; no              ; yes            ; no         ; TTL          ; User                 ; 10 pF ; DOE~8                ; -                   ;
; D[3]  ; 79    ; --       ; 8   ; 4                     ; 0                  ; no     ; no             ; no              ; yes            ; no         ; TTL          ; User                 ; 10 pF ; DOE~8                ; -                   ;
; D[4]  ; 80    ; --       ; 8   ; 3                     ; 0                  ; no     ; no             ; no              ; yes            ; no         ; TTL          ; User                 ; 10 pF ; DOE~8                ; -                   ;
; D[5]  ; 81    ; --       ; 8   ; 3                     ; 0                  ; no     ; no             ; no              ; yes            ; no         ; TTL          ; User                 ; 10 pF ; DOE~8                ; -                   ;
; D[6]  ; 4     ; --       ; 1   ; 3                     ; 0                  ; no     ; no             ; no              ; yes            ; no         ; TTL          ; User                 ; 10 pF ; DOE~8                ; -                   ;
; D[7]  ; 5     ; --       ; 1   ; 5                     ; 0                  ; no     ; no             ; no              ; yes            ; no         ; TTL          ; User                 ; 10 pF ; DOE~8                ; -                   ;
; RD[0] ; 41    ; --       ; 4   ; 1                     ; 0                  ; no     ; no             ; no              ; yes            ; no         ; TTL          ; User                 ; 10 pF ; RDOE~1               ; -                   ;
; RD[1] ; 40    ; --       ; 4   ; 1                     ; 0                  ; no     ; no             ; no              ; yes            ; no         ; TTL          ; User                 ; 10 pF ; RDOE~1               ; -                   ;
; RD[2] ; 39    ; --       ; 4   ; 1                     ; 0                  ; no     ; no             ; no              ; yes            ; no         ; TTL          ; User                 ; 10 pF ; RDOE~1               ; -                   ;
; RD[3] ; 37    ; --       ; 4   ; 1                     ; 0                  ; no     ; no             ; no              ; yes            ; no         ; TTL          ; User                 ; 10 pF ; RDOE~1               ; -                   ;
; RD[4] ; 36    ; --       ; 4   ; 1                     ; 0                  ; no     ; no             ; no              ; yes            ; no         ; TTL          ; User                 ; 10 pF ; RDOE~1               ; -                   ;
; RD[5] ; 35    ; --       ; 4   ; 1                     ; 0                  ; no     ; no             ; no              ; yes            ; no         ; TTL          ; User                 ; 10 pF ; RDOE~1               ; -                   ;
; RD[6] ; 34    ; --       ; 4   ; 1                     ; 0                  ; no     ; no             ; no              ; yes            ; no         ; TTL          ; User                 ; 10 pF ; RDOE~1               ; -                   ;
; RD[7] ; 44    ; --       ; 5   ; 1                     ; 0                  ; no     ; no             ; no              ; yes            ; no         ; TTL          ; User                 ; 10 pF ; RDOE~1               ; -                   ;
+-------+-------+----------+-----+-----------------------+--------------------+--------+----------------+-----------------+----------------+------------+--------------+----------------------+-------+----------------------+---------------------+


+-------------------------------------------------------------------------------------------------------+
; All Package Pins                                                                                      ;
+----------+------------+----------+----------------+--------+--------------+---------+-----------------+
; Location ; Pad Number ; I/O Bank ; Pin Name/Usage ; Dir.   ; I/O Standard ; Voltage ; User Assignment ;
+----------+------------+----------+----------------+--------+--------------+---------+-----------------+
; 1        ; 0          ; --       ; nRES           ; input  ; TTL          ;         ; Y               ;
; 2        ; 1          ; --       ; PHI1           ; input  ; TTL          ;         ; Y               ;
; 3        ; 2          ; --       ; VCCINT         ; power  ;              ; 5.0V    ;                 ;
; 4        ; 3          ; --       ; D[6]           ; bidir  ; TTL          ;         ; Y               ;
; 5        ; 4          ; --       ; D[7]           ; bidir  ; TTL          ;         ; Y               ;
; 6        ; 5          ; --       ; A[13]          ; input  ; TTL          ;         ; Y               ;
; 7        ; 6          ; --       ; GND            ; gnd    ;              ;         ;                 ;
; 8        ; 7          ; --       ; A[14]          ; input  ; TTL          ;         ; Y               ;
; 9        ; 8          ; --       ; A[15]          ; input  ; TTL          ;         ; Y               ;
; 10       ; 9          ; --       ; nWE            ; input  ; TTL          ;         ; Y               ;
; 11       ; 10         ; --       ; nDEVSEL        ; input  ; TTL          ;         ; Y               ;
; 12       ; 11         ; --       ; RA[18]         ; output ; TTL          ;         ; Y               ;
; 13       ; 12         ; --       ; VCCIO          ; power  ;              ; 5.0V    ;                 ;
; 14       ; 13         ; --       ; TDI            ; input  ; TTL          ;         ; N               ;
; 15       ; 14         ; --       ; nINH           ; input  ; TTL          ;         ; Y               ;
; 16       ; 15         ; --       ; nIOSTRB        ; input  ; TTL          ;         ; Y               ;
; 17       ; 16         ; --       ; nROMCS         ; output ; TTL          ;         ; Y               ;
; 18       ; 17         ; --       ; nIOSEL         ; input  ; TTL          ;         ; Y               ;
; 19       ; 18         ; --       ; GND            ; gnd    ;              ;         ;                 ;
; 20       ; 19         ; --       ; nRAMROMCS      ; output ; TTL          ;         ; Y               ;
; 21       ; 20         ; --       ; A[10]          ; input  ; TTL          ;         ; Y               ;
; 22       ; 21         ; --       ; A[0]           ; input  ; TTL          ;         ; Y               ;
; 23       ; 22         ; --       ; TMS            ; input  ; TTL          ;         ; N               ;
; 24       ; 23         ; --       ; A[1]           ; input  ; TTL          ;         ; Y               ;
; 25       ; 24         ; --       ; A[2]           ; input  ; TTL          ;         ; Y               ;
; 26       ; 25         ; --       ; VCCIO          ; power  ;              ; 5.0V    ;                 ;
; 27       ; 26         ; --       ; A[3]           ; input  ; TTL          ;         ; Y               ;
; 28       ; 27         ; --       ; A[4]           ; input  ; TTL          ;         ; Y               ;
; 29       ; 28         ; --       ; A[5]           ; input  ; TTL          ;         ; Y               ;
; 30       ; 29         ; --       ; A[6]           ; input  ; TTL          ;         ; Y               ;
; 31       ; 30         ; --       ; A[7]           ; input  ; TTL          ;         ; Y               ;
; 32       ; 31         ; --       ; GND            ; gnd    ;              ;         ;                 ;
; 33       ; 32         ; --       ; RAMROMCSgb     ; input  ; TTL          ;         ; Y               ;
; 34       ; 33         ; --       ; RD[6]          ; bidir  ; TTL          ;         ; Y               ;
; 35       ; 34         ; --       ; RD[5]          ; bidir  ; TTL          ;         ; Y               ;
; 36       ; 35         ; --       ; RD[4]          ; bidir  ; TTL          ;         ; Y               ;
; 37       ; 36         ; --       ; RD[3]          ; bidir  ; TTL          ;         ; Y               ;
; 38       ; 37         ; --       ; VCCIO          ; power  ;              ; 5.0V    ;                 ;
; 39       ; 38         ; --       ; RD[2]          ; bidir  ; TTL          ;         ; Y               ;
; 40       ; 39         ; --       ; RD[1]          ; bidir  ; TTL          ;         ; Y               ;
; 41       ; 40         ; --       ; RD[0]          ; bidir  ; TTL          ;         ; Y               ;
; 42       ; 41         ; --       ; GND            ; gnd    ;              ;         ;                 ;
; 43       ; 42         ; --       ; VCCINT         ; power  ;              ; 5.0V    ;                 ;
; 44       ; 43         ; --       ; RD[7]          ; bidir  ; TTL          ;         ; Y               ;
; 45       ; 44         ; --       ; RAMCS          ; output ; TTL          ;         ; Y               ;
; 46       ; 45         ; --       ; RA[15]         ; output ; TTL          ;         ; Y               ;
; 47       ; 46         ; --       ; GND            ; gnd    ;              ;         ;                 ;
; 48       ; 47         ; --       ; RA[5]          ; output ; TTL          ;         ; Y               ;
; 49       ; 48         ; --       ; RA[7]          ; output ; TTL          ;         ; Y               ;
; 50       ; 49         ; --       ; RA[9]          ; output ; TTL          ;         ; Y               ;
; 51       ; 50         ; --       ; RA[11]         ; output ; TTL          ;         ; Y               ;
; 52       ; 51         ; --       ; RA[1]          ; output ; TTL          ;         ; Y               ;
; 53       ; 52         ; --       ; VCCIO          ; power  ;              ; 5.0V    ;                 ;
; 54       ; 53         ; --       ; RA[2]          ; output ; TTL          ;         ; Y               ;
; 55       ; 54         ; --       ; RA[0]          ; output ; TTL          ;         ; Y               ;
; 56       ; 55         ; --       ; RA[10]         ; output ; TTL          ;         ; Y               ;
; 57       ; 56         ; --       ; RA[8]          ; output ; TTL          ;         ; Y               ;
; 58       ; 57         ; --       ; RA[6]          ; output ; TTL          ;         ; Y               ;
; 59       ; 58         ; --       ; GND            ; gnd    ;              ;         ;                 ;
; 60       ; 59         ; --       ; RA[12]         ; output ; TTL          ;         ; Y               ;
; 61       ; 60         ; --       ; RA[16]         ; output ; TTL          ;         ; Y               ;
; 62       ; 61         ; --       ; TCK            ; input  ; TTL          ;         ; N               ;
; 63       ; 62         ; --       ; RA[3]          ; output ; TTL          ;         ; Y               ;
; 64       ; 63         ; --       ; RA[4]          ; output ; TTL          ;         ; Y               ;
; 65       ; 64         ; --       ; RA[19]         ; output ; TTL          ;         ; Y               ;
; 66       ; 65         ; --       ; VCCIO          ; power  ;              ; 5.0V    ;                 ;
; 67       ; 66         ; --       ; RA[14]         ; output ; TTL          ;         ; Y               ;
; 68       ; 67         ; --       ; RA[17]         ; output ; TTL          ;         ; Y               ;
; 69       ; 68         ; --       ; RA[13]         ; output ; TTL          ;         ; Y               ;
; 70       ; 69         ; --       ; A[8]           ; input  ; TTL          ;         ; Y               ;
; 71       ; 70         ; --       ; TDO            ; output ; TTL          ;         ; N               ;
; 72       ; 71         ; --       ; GND            ; gnd    ;              ;         ;                 ;
; 73       ; 72         ; --       ; A[9]           ; input  ; TTL          ;         ; Y               ;
; 74       ; 73         ; --       ; A[11]          ; input  ; TTL          ;         ; Y               ;
; 75       ; 74         ; --       ; D[0]           ; bidir  ; TTL          ;         ; Y               ;
; 76       ; 75         ; --       ; D[1]           ; bidir  ; TTL          ;         ; Y               ;
; 77       ; 76         ; --       ; D[2]           ; bidir  ; TTL          ;         ; Y               ;
; 78       ; 77         ; --       ; VCCIO          ; power  ;              ; 5.0V    ;                 ;
; 79       ; 78         ; --       ; D[3]           ; bidir  ; TTL          ;         ; Y               ;
; 80       ; 79         ; --       ; D[4]           ; bidir  ; TTL          ;         ; Y               ;
; 81       ; 80         ; --       ; D[5]           ; bidir  ; TTL          ;         ; Y               ;
; 82       ; 81         ; --       ; GND            ; gnd    ;              ;         ;                 ;
; 83       ; 82         ; --       ; C7M            ; input  ; TTL          ;         ; Y               ;
; 84       ; 83         ; --       ; A[12]          ; input  ; TTL          ;         ; Y               ;
+----------+------------+----------+----------------+--------+--------------+---------+-----------------+
Note: Pin directions (input, output or bidir) are based on device operating in user mode.


+--------------------------------------------------------------------------------------------------+
; I/O Standard                                                                                     ;
+--------------+------------+----------------------+-------------------+-------------------+-------+
; I/O Standard ; Input Vref ; Dedicated Input Pins ; Pins in I/O Bank1 ; Pins in I/O Bank2 ; Total ;
+--------------+------------+----------------------+-------------------+-------------------+-------+
; TTL          ; -          ; 4                    ; 0                 ; 0                 ; 4     ;
+--------------+------------+----------------------+-------------------+-------------------+-------+


+---------------------------------------------------------------------+
; Dedicated Inputs I/O                                                ;
+-------+-------+-------+-------+--------------+------------+---------+
; Name  ; Pin # ; Type  ; VCCIO ; I/O Standard ; Input Vref ; Current ;
+-------+-------+-------+-------+--------------+------------+---------+
; A[12] ; 84    ; Input ; --    ; TTL          ; -          ; 0 mA    ;
; C7M   ; 83    ; Input ; --    ; TTL          ; -          ; 0 mA    ;
; PHI1  ; 2     ; Input ; --    ; TTL          ; -          ; 0 mA    ;
; nRES  ; 1     ; Input ; --    ; TTL          ; -          ; 0 mA    ;
+-------+-------+-------+-------+--------------+------------+---------+


+-----------------------------------------------+
; Output Pin Default Load For Reported TCO      ;
+--------------+-------+------------------------+
; I/O Standard ; Load  ; Termination Resistance ;
+--------------+-------+------------------------+
; 3.3-V LVTTL  ; 10 pF ; Not Available          ;
; 3.3-V LVCMOS ; 10 pF ; Not Available          ;
; TTL          ; 10 pF ; Not Available          ;
+--------------+-------+------------------------+
Note: User assignments will override these defaults. The user specified values are listed in the Output Pins and Bidir Pins tables.


+-------------------------------------------------------------------------------------+
; Fitter Resource Utilization by Entity                                               ;
+----------------------------+------------+------+---------------------+--------------+
; Compilation Hierarchy Node ; Macrocells ; Pins ; Full Hierarchy Name ; Library Name ;
+----------------------------+------------+------+---------------------+--------------+
; |TimeMachine               ; 72         ; 68   ; |TimeMachine        ; work         ;
+----------------------------+------------+------+---------------------+--------------+


+-------------------------------------------------------------------------------------------------+
; Control Signals                                                                                 ;
+----------+----------+---------+--------------+--------+----------------------+------------------+
; Name     ; Location ; Fan-Out ; Usage        ; Global ; Global Resource Used ; Global Line Name ;
+----------+----------+---------+--------------+--------+----------------------+------------------+
; Addr~253 ; SEXP102  ; 4       ; Clock enable ; no     ; --                   ; --               ;
; Addr~254 ; SEXP101  ; 4       ; Clock enable ; no     ; --                   ; --               ;
; C7M      ; PIN_83   ; 38      ; Clock        ; yes    ; On                   ; --               ;
; RESIO~0  ; SEXP2    ; 1       ; Async. clear ; no     ; --                   ; --               ;
; S[0]     ; LC106    ; 37      ; Clock enable ; no     ; --                   ; --               ;
; S[1]     ; LC111    ; 33      ; Clock enable ; no     ; --                   ; --               ;
; S[2]     ; LC100    ; 37      ; Clock enable ; no     ; --                   ; --               ;
; nIOSEL   ; PIN_18   ; 13      ; Clock enable ; no     ; --                   ; --               ;
+----------+----------+---------+--------------+--------+----------------------+------------------+


+---------------------------------------------------------------------+
; Global & Other Fast Signals                                         ;
+------+----------+---------+----------------------+------------------+
; Name ; Location ; Fan-Out ; Global Resource Used ; Global Line Name ;
+------+----------+---------+----------------------+------------------+
; C7M  ; PIN_83   ; 38      ; On                   ; --               ;
+------+----------+---------+----------------------+------------------+


+---------------------------------+
; Non-Global High Fan-Out Signals ;
+-------------+-------------------+
; Name        ; Fan-Out           ;
+-------------+-------------------+
; S[2]        ; 37                ;
; S[0]        ; 37                ;
; S[1]        ; 33                ;
; nRESr       ; 27                ;
; nDEVSEL     ; 14                ;
; A[3]        ; 14                ;
; A[2]        ; 14                ;
; A[1]        ; 14                ;
; A[0]        ; 14                ;
; Addr[16]    ; 14                ;
; nIOSEL      ; 13                ;
; Addr[17]    ; 13                ;
; Addr[18]    ; 12                ;
; nIOSTRB     ; 11                ;
; Addr[0]     ; 11                ;
; Addr[19]    ; 11                ;
; Addr[8]     ; 11                ;
; IncAddrM    ; 10                ;
; Addr[9]     ; 10                ;
; Addr[1]     ; 10                ;
; IncAddrL    ; 10                ;
; Addr[10]    ; 9                 ;
; Addr[2]     ; 9                 ;
; AddrLWR_MC  ; 9                 ;
; AddrMWR_MC  ; 9                 ;
; Addr[20]    ; 8                 ;
; Addr[11]    ; 8                 ;
; Addr[3]     ; 8                 ;
; RDOE~1      ; 8                 ;
; DOE~8       ; 8                 ;
; Addr[4]     ; 7                 ;
; Addr[12]    ; 7                 ;
; nWE         ; 6                 ;
; IncAddrH    ; 6                 ;
; Addr[21]    ; 6                 ;
; Addr[13]    ; 6                 ;
; Addr[5]     ; 6                 ;
; REGEN       ; 6                 ;
; D[7]~7      ; 5                 ;
; D[0]~0      ; 5                 ;
; Addr[6]     ; 5                 ;
; Addr[14]    ; 5                 ;
; D[3]~3      ; 4                 ;
; D[2]~2      ; 4                 ;
; D[1]~1      ; 4                 ;
; PHI1        ; 4                 ;
; Addr[15]    ; 4                 ;
; Addr[22]    ; 4                 ;
; Addr~254    ; 4                 ;
; Addr~253    ; 4                 ;
; Addr~248    ; 4                 ;
; Addr[7]     ; 4                 ;
; AddrHWR_MC  ; 4                 ;
; RAMSEL_MC   ; 4                 ;
; CSDBEN      ; 4                 ;
; PHI0rf[0]   ; 4                 ;
; D[6]~6      ; 3                 ;
; D[5]~5      ; 3                 ;
; D[4]~4      ; 3                 ;
; PHI0rf[1]   ; 3                 ;
; RAMROMCSgb  ; 2                 ;
; nRES        ; 2                 ;
; Bank        ; 2                 ;
; Addr[23]    ; 2                 ;
; IOROMEN     ; 2                 ;
; RD[7]~7     ; 1                 ;
; RD[6]~6     ; 1                 ;
; RD[5]~5     ; 1                 ;
; RD[4]~4     ; 1                 ;
; RD[3]~3     ; 1                 ;
; RD[2]~2     ; 1                 ;
; RD[1]~1     ; 1                 ;
; RD[0]~0     ; 1                 ;
; A[11]       ; 1                 ;
; A[10]       ; 1                 ;
; A[9]        ; 1                 ;
; A[8]        ; 1                 ;
; A[7]        ; 1                 ;
; A[6]        ; 1                 ;
; A[5]        ; 1                 ;
; A[4]        ; 1                 ;
; comb~18sexp ; 1                 ;
; RA~32       ; 1                 ;
; RA~28       ; 1                 ;
; IncAddrH~9  ; 1                 ;
; RA~26       ; 1                 ;
; Addr~271    ; 1                 ;
; Addr~263    ; 1                 ;
; Addr~255    ; 1                 ;
; Addr~247    ; 1                 ;
; RA~24       ; 1                 ;
; IncAddrM~9  ; 1                 ;
; RA~20       ; 1                 ;
; RA~18       ; 1                 ;
; RA~16       ; 1                 ;
; RA~14       ; 1                 ;
; BankWR_MC   ; 1                 ;
; comb~26     ; 1                 ;
; comb~23     ; 1                 ;
; comb~21     ; 1                 ;
; RESIO~0     ; 1                 ;
; nRESr0      ; 1                 ;
; D[7]~38     ; 1                 ;
; D[6]~36     ; 1                 ;
; D[5]~34     ; 1                 ;
; D[4]~32     ; 1                 ;
; D[3]~30     ; 1                 ;
; D[2]~28     ; 1                 ;
; D[1]~26     ; 1                 ;
; D[0]~24     ; 1                 ;
; Dout[7]~120 ; 1                 ;
; Dout[6]~114 ; 1                 ;
; Dout[5]~108 ; 1                 ;
; Dout[4]~102 ; 1                 ;
; Dout[3]~96  ; 1                 ;
; Dout[2]~90  ; 1                 ;
; Dout[1]~84  ; 1                 ;
; Dout[0]~78  ; 1                 ;
+-------------+-------------------+


+--------------------------------------------------+
; Other Routing Usage Summary                      ;
+-----------------------------+--------------------+
; Other Routing Resource Type ; Usage              ;
+-----------------------------+--------------------+
; Output enables              ; 2 / 6 ( 33 % )     ;
; PIA buffers                 ; 173 / 288 ( 60 % ) ;
; PIAs                        ; 194 / 288 ( 67 % ) ;
+-----------------------------+--------------------+


+-----------------------------------------------------------------------------+
; LAB External Interconnect                                                   ;
+-----------------------------------------------+-----------------------------+
; LAB External Interconnects  (Average = 24.25) ; Number of LABs  (Total = 8) ;
+-----------------------------------------------+-----------------------------+
; 0 - 2                                         ; 0                           ;
; 3 - 5                                         ; 0                           ;
; 6 - 8                                         ; 0                           ;
; 9 - 11                                        ; 1                           ;
; 12 - 14                                       ; 1                           ;
; 15 - 17                                       ; 0                           ;
; 18 - 20                                       ; 1                           ;
; 21 - 23                                       ; 0                           ;
; 24 - 26                                       ; 0                           ;
; 27 - 29                                       ; 2                           ;
; 30 - 32                                       ; 3                           ;
+-----------------------------------------------+-----------------------------+


+----------------------------------------------------------------------+
; LAB Macrocells                                                       ;
+----------------------------------------+-----------------------------+
; Number of Macrocells  (Average = 9.00) ; Number of LABs  (Total = 8) ;
+----------------------------------------+-----------------------------+
; 0                                      ; 0                           ;
; 1                                      ; 0                           ;
; 2                                      ; 0                           ;
; 3                                      ; 0                           ;
; 4                                      ; 1                           ;
; 5                                      ; 1                           ;
; 6                                      ; 1                           ;
; 7                                      ; 0                           ;
; 8                                      ; 1                           ;
; 9                                      ; 1                           ;
; 10                                     ; 0                           ;
; 11                                     ; 0                           ;
; 12                                     ; 1                           ;
; 13                                     ; 1                           ;
; 14                                     ; 0                           ;
; 15                                     ; 1                           ;
+----------------------------------------+-----------------------------+


+-------------------------------------------------------------------------------+
; Shareable Expander                                                            ;
+-------------------------------------------------+-----------------------------+
; Number of shareable expanders  (Average = 1.38) ; Number of LABs  (Total = 4) ;
+-------------------------------------------------+-----------------------------+
; 0                                               ; 4                           ;
; 1                                               ; 2                           ;
; 2                                               ; 1                           ;
; 3                                               ; 0                           ;
; 4                                               ; 0                           ;
; 5                                               ; 0                           ;
; 6                                               ; 0                           ;
; 7                                               ; 1                           ;
+-------------------------------------------------+-----------------------------+


+---------------------------------------------------------------------------------------------------------------------------------------------------------------------------------------------------------------------------------------------------------------------------------------------------------------------------------------------------------------------------------------------------------------------------------------------------------------------------------------------------------------------------------+
; Logic Cell Interconnection                                                                                                                                                                                                                                                                                                                                                                                                                                                                                                      ;
+-----+------------+--------------------------------------------------------------------------------------------------------------------------------------------------------+-----------------------------------------------------------------------------------------------------------------------------------------------------------------------------------------------------------------------------------------------------------------------------------------------------------------------------------------------------+
; LAB ; Logic Cell ; Input                                                                                                                                                  ; Output                                                                                                                                                                                                                                                                                                                                              ;
+-----+------------+--------------------------------------------------------------------------------------------------------------------------------------------------------+-----------------------------------------------------------------------------------------------------------------------------------------------------------------------------------------------------------------------------------------------------------------------------------------------------------------------------------------------------+
;  A  ; LC11       ; C7M, S[2]                                                                                                                                              ; DOE~8, RDOE~1, comb~21, comb~26                                                                                                                                                                                                                                                                                                                     ;
;  A  ; LC15       ; C7M, RESIO~0, S[2], nIOSEL, S[0], S[1]                                                                                                                 ; DOE~8, comb~21                                                                                                                                                                                                                                                                                                                                      ;
;  A  ; LC2        ; C7M, S[2], S[0], nRESr0, S[1], nRESr                                                                                                                   ; nRESr, REGEN, Addr[8], Addr[1], Addr[9], Addr[2], Addr[17], Addr[3], Addr[18], Addr[10], Addr[12], Addr[4], Addr[5], Addr[13], Addr[14], Addr[6], Addr[7], IncAddrM, Addr[11], Addr[19], Addr~248, Addr~253, Addr[15], IncAddrH~9, Addr[16], Addr[0], Bank                                                                                          ;
;  A  ; LC16       ; RD[6], nDEVSEL, A[0], A[1], A[2], A[3], Addr[14], Addr[22], Addr[6]                                                                                    ; D[6]                                                                                                                                                                                                                                                                                                                                                ;
;  A  ; LC14       ; RD[7], nDEVSEL, A[0], A[1], A[2], A[3], Addr[15], Addr[23], Addr[7]                                                                                    ; D[7]                                                                                                                                                                                                                                                                                                                                                ;
;  A  ; LC3        ; nIOSEL, nIOSTRB, Addr[18]                                                                                                                              ; RA[18]                                                                                                                                                                                                                                                                                                                                              ;
;  A  ; LC5        ; C7M, nIOSEL, S[2], S[0], S[1], REGEN, nRESr                                                                                                            ; REGEN, RAMSEL_MC, BankWR_MC, AddrHWR_MC, AddrMWR_MC, AddrLWR_MC                                                                                                                                                                                                                                                                                     ;
;  A  ; LC12       ; A[1], A[0], A[2], A[3], REGEN, nDEVSEL                                                                                                                 ; DOE~8, comb~23, comb~26, IncAddrL                                                                                                                                                                                                                                                                                                                   ;
;  A  ; LC13       ; nWE, REGEN, nDEVSEL, A[0], A[1], A[2], A[3]                                                                                                            ; Bank                                                                                                                                                                                                                                                                                                                                                ;
;  A  ; LC10       ; A[1], A[0], A[2], A[3], nWE, REGEN, nDEVSEL                                                                                                            ; Addr[17], Addr[18], Addr[19], Addr[16]                                                                                                                                                                                                                                                                                                              ;
;  A  ; LC9        ; A[1], A[0], A[2], A[3], nWE, REGEN, nDEVSEL                                                                                                            ; Addr[8], Addr[9], Addr[10], Addr[12], Addr[13], Addr[14], Addr[11], Addr[15], IncAddrH                                                                                                                                                                                                                                                              ;
;  A  ; LC7        ; C7M, nRES                                                                                                                                              ; nRESr                                                                                                                                                                                                                                                                                                                                               ;
;  A  ; LC8        ; A[1], A[0], A[2], A[3], nWE, REGEN, nDEVSEL                                                                                                            ; Addr[1], Addr[2], Addr[3], Addr[4], Addr[5], Addr[6], Addr[7], IncAddrM, Addr[0]                                                                                                                                                                                                                                                                    ;
;  B  ; LC26       ; C7M, PHI1                                                                                                                                              ; PHI0rf[1], S[1], S[0], S[2]                                                                                                                                                                                                                                                                                                                         ;
;  B  ; LC24       ; nDEVSEL, RAMROMCSgb, CSDBEN, nWE, RAMSEL_MC, nIOSEL, IOROMEN, nIOSTRB                                                                                  ; D[0], D[1], D[2], D[3], D[4], D[5], D[6], D[7]                                                                                                                                                                                                                                                                                                      ;
;  B  ; LC25       ; CSDBEN, nIOSEL, RAMROMCSgb, IOROMEN, nIOSTRB                                                                                                           ; nROMCS                                                                                                                                                                                                                                                                                                                                              ;
;  B  ; LC19       ; CSDBEN, nWE                                                                                                                                            ; RD[0], RD[1], RD[2], RD[3], RD[4], RD[5], RD[6], RD[7]                                                                                                                                                                                                                                                                                              ;
;  B  ; LC21       ; nIOSEL, RAMSEL_MC                                                                                                                                      ; nRAMROMCS                                                                                                                                                                                                                                                                                                                                           ;
;  C  ; LC44       ; C7M, S[2], S[1], AddrMWR_MC, D[3], S[0], Addr[11], nRESr, IncAddrM, Addr[10], Addr[8], Addr[9]                                                         ; Dout[3]~96, Addr[12], Addr[13], Addr[14], Addr[11], RA~24, Addr[15], IncAddrH                                                                                                                                                                                                                                                                       ;
;  C  ; LC40       ; C7M, S[2], S[1], AddrMWR_MC, D[6], S[0], Addr[14], nRESr, IncAddrM, Addr[13], Addr[12], Addr[11], Addr[10], Addr[8], Addr[9]                           ; Dout[6]~114, Addr[14], RA~20, Addr[15], IncAddrH                                                                                                                                                                                                                                                                                                    ;
;  C  ; LC36       ; C7M, S[2], S[1], AddrMWR_MC, D[4], S[0], Addr[12], nRESr, IncAddrM, Addr[11], Addr[10], Addr[8], Addr[9]                                               ; Dout[4]~102, Addr[12], Addr[13], Addr[14], Addr[15], IncAddrH, RA~32                                                                                                                                                                                                                                                                                ;
;  C  ; LC38       ; C7M, IncAddrH, S[0], S[2], IncAddrM, S[1], D[7], AddrMWR_MC, Addr[15], Addr[12], Addr[13], Addr[14], Addr[11], Addr[10], Addr[8], Addr[9], IncAddrH~9  ; Addr[17], Addr[18], Addr[19], Addr~254, IncAddrH, Addr[16]                                                                                                                                                                                                                                                                                          ;
;  D  ; LC57       ; D[4]                                                                                                                                                   ; RD[4]                                                                                                                                                                                                                                                                                                                                               ;
;  D  ; LC59       ; D[5]                                                                                                                                                   ; RD[5]                                                                                                                                                                                                                                                                                                                                               ;
;  D  ; LC61       ; D[6]                                                                                                                                                   ; RD[6]                                                                                                                                                                                                                                                                                                                                               ;
;  D  ; LC50       ; C7M, AddrHWR_MC, S[0], S[2], S[1], D[0], Addr[16], nRESr, IncAddrH                                                                                     ; Dout[0]~78, Addr[17], Addr[18], Addr[19], Addr~247, Addr[20], Addr~255, Addr[21], Addr~263, Addr[22], Addr~271, Addr[23], Addr[16], RA~28                                                                                                                                                                                                           ;
;  D  ; LC49       ; D[0]                                                                                                                                                   ; RD[0]                                                                                                                                                                                                                                                                                                                                               ;
;  D  ; LC51       ; D[1]                                                                                                                                                   ; RD[1]                                                                                                                                                                                                                                                                                                                                               ;
;  D  ; LC53       ; D[2]                                                                                                                                                   ; RD[2]                                                                                                                                                                                                                                                                                                                                               ;
;  D  ; LC56       ; D[3]                                                                                                                                                   ; RD[3]                                                                                                                                                                                                                                                                                                                                               ;
;  E  ; LC65       ; D[7]                                                                                                                                                   ; RD[7]                                                                                                                                                                                                                                                                                                                                               ;
;  E  ; LC69       ; nIOSEL, nIOSTRB, Addr[15]                                                                                                                              ; RA[15]                                                                                                                                                                                                                                                                                                                                              ;
;  E  ; LC74       ; C7M, S[2], S[1], AddrMWR_MC, D[7], S[0], Addr[15], nRESr, IncAddrM, Addr[14], Addr[13], Addr[12], Addr[11], Addr[10], Addr[8], Addr[9]                 ; Dout[7]~120, Addr[15], RA~26, IncAddrH                                                                                                                                                                                                                                                                                                              ;
;  E  ; LC77       ; A[11], nIOSEL, nIOSTRB, Addr[11]                                                                                                                       ; RA[11]                                                                                                                                                                                                                                                                                                                                              ;
;  E  ; LC79       ; C7M, S[0], S[1], S[2], RAMSEL_MC, IncAddrL                                                                                                             ; IncAddrL, Addr[1], Addr[2], Addr[3], Addr[4], Addr[5], Addr[6], Addr[7], IncAddrM, Addr[0]                                                                                                                                                                                                                                                          ;
;  E  ; LC78       ; C7M, nRESr, IncAddrL, S[1], IncAddrM, Addr[4], Addr[5], Addr[6], Addr[3], Addr[2], Addr[1], Addr[0], Addr[7], S[2], S[0], D[7], AddrLWR_MC, IncAddrM~9 ; Addr[8], Addr[9], Addr[10], Addr[12], Addr[13], Addr[14], IncAddrM, Addr[11], Addr[15], IncAddrH                                                                                                                                                                                                                                                    ;
;  E  ; LC67       ; CSDBEN, RAMSEL_MC                                                                                                                                      ; RAMCS                                                                                                                                                                                                                                                                                                                                               ;
;  E  ; LC73       ; C7M, nRESr, IncAddrL, Addr[6], Addr[5], Addr[4], Addr[3], Addr[2], Addr[1], Addr[0], S[0], S[1], S[2], AddrLWR_MC, D[7], Addr[7]                       ; Dout[7]~120, Addr[7], RA[7], IncAddrM                                                                                                                                                                                                                                                                                                               ;
;  E  ; LC80       ; C7M, nRESr, IncAddrL, Addr[0], S[0], S[1], S[2], AddrLWR_MC, D[1], Addr[1]                                                                             ; Dout[1]~84, Addr[1], RA[1], Addr[2], Addr[3], Addr[4], Addr[5], Addr[6], Addr[7], IncAddrM                                                                                                                                                                                                                                                          ;
;  E  ; LC75       ; C7M, S[2], S[1], AddrMWR_MC, D[1], S[0], Addr[9], nRESr, IncAddrM, Addr[8]                                                                             ; Dout[1]~84, Addr[9], RA[9], Addr[10], Addr[12], Addr[13], Addr[14], Addr[11], Addr[15], IncAddrH                                                                                                                                                                                                                                                    ;
;  E  ; LC72       ; C7M, nRESr, IncAddrL, Addr[4], Addr[3], Addr[2], Addr[1], Addr[0], S[0], S[1], S[2], AddrLWR_MC, D[5], Addr[5]                                         ; Dout[5]~108, Addr[5], RA[5], Addr[6], Addr[7], IncAddrM                                                                                                                                                                                                                                                                                             ;
;  E  ; LC76       ; C7M, S[2], S[1], AddrMWR_MC, D[5], S[0], Addr[13], nRESr, IncAddrM, Addr[12], Addr[11], Addr[10], Addr[8], Addr[9]                                     ; Dout[5]~108, Addr[13], RA~18, Addr[14], Addr[15], IncAddrH                                                                                                                                                                                                                                                                                          ;
;  F  ; LC86       ; C7M, S[2], S[1], AddrMWR_MC, D[2], S[0], Addr[10], nRESr, IncAddrM, Addr[8], Addr[9]                                                                   ; Dout[2]~90, Addr[10], RA[10], Addr[12], Addr[13], Addr[14], Addr[11], Addr[15], IncAddrH                                                                                                                                                                                                                                                            ;
;  F  ; LC93       ; Bank, nIOSEL, nIOSTRB, Addr[12]                                                                                                                        ; RA[12]                                                                                                                                                                                                                                                                                                                                              ;
;  F  ; LC91       ; C7M, nRESr, IncAddrL, Addr[5], Addr[4], Addr[3], Addr[2], Addr[1], Addr[0], S[0], S[1], S[2], AddrLWR_MC, D[6], Addr[6]                                ; Dout[6]~114, Addr[6], RA[6], Addr[7], IncAddrM                                                                                                                                                                                                                                                                                                      ;
;  F  ; LC88       ; C7M, S[1], S[2], AddrMWR_MC, D[0], S[0], Addr[8], nRESr, IncAddrM                                                                                      ; Dout[0]~78, Addr[8], RA[8], Addr[9], Addr[10], Addr[12], Addr[13], Addr[14], Addr[11], Addr[15], IncAddrH                                                                                                                                                                                                                                           ;
;  F  ; LC83       ; C7M, nRESr, IncAddrL, Addr[1], Addr[0], S[0], S[1], S[2], AddrLWR_MC, D[2], Addr[2]                                                                    ; Dout[2]~90, Addr[2], RA[2], Addr[3], Addr[4], Addr[5], Addr[6], Addr[7], IncAddrM                                                                                                                                                                                                                                                                   ;
;  F  ; LC94       ; nIOSEL, nIOSTRB, Addr[16]                                                                                                                              ; RA[16]                                                                                                                                                                                                                                                                                                                                              ;
;  F  ; LC89       ; C7M, PHI0rf[0]                                                                                                                                         ; S[1], S[0], S[2]                                                                                                                                                                                                                                                                                                                                    ;
;  F  ; LC85       ; C7M, nRESr, IncAddrL, S[0], S[1], S[2], AddrLWR_MC, D[0], Addr[0]                                                                                      ; Dout[0]~78, Addr[1], Addr[2], Addr[3], Addr[4], Addr[5], Addr[6], Addr[7], IncAddrM, Addr[0], RA[0]                                                                                                                                                                                                                                                 ;
;  F  ; LC81       ; C7M, BankWR_MC, S[0], S[1], S[2], D[0], Bank, nRESr                                                                                                    ; Bank, RA~32                                                                                                                                                                                                                                                                                                                                         ;
;  G  ; LC108      ; C7M, AddrHWR_MC, S[0], S[2], S[1], D[1], Addr[17], nRESr, IncAddrH, Addr[16]                                                                           ; Dout[1]~84, Addr[17], RA~14, Addr[18], Addr[19], Addr~247, Addr[20], Addr~255, Addr[21], Addr~263, Addr[22], Addr~271, Addr[23]                                                                                                                                                                                                                     ;
;  G  ; LC102      ; C7M, AddrHWR_MC, S[0], S[2], S[1], D[2], Addr[18], nRESr, IncAddrH, Addr[16], Addr[17]                                                                 ; Dout[2]~90, Addr[18], RA~16, Addr[19], Addr~247, Addr[20], Addr~255, Addr[21], Addr~263, Addr[22], Addr~271, Addr[23]                                                                                                                                                                                                                               ;
;  G  ; LC101      ; C7M, AddrHWR_MC, S[0], S[2], S[1], D[3], Addr[19], nRESr, IncAddrH, Addr[18], Addr[16], Addr[17]                                                       ; Dout[3]~96, Addr[19], RA[19], Addr~247, Addr[20], Addr~255, Addr[21], Addr~263, Addr[22], Addr~271, Addr[23]                                                                                                                                                                                                                                        ;
;  G  ; LC112      ; C7M, Addr~248, Addr[20], Addr[19], Addr[18], Addr[16], Addr[17], Addr~247, Addr~253, S[2], S[0], Addr~254                                              ; Dout[4]~102, Addr[20], Addr~255, Addr[21], Addr~263, Addr[22], Addr~271, Addr[23]                                                                                                                                                                                                                                                                   ;
;  G  ; LC110      ; C7M, Addr~248, Addr[21], Addr[20], Addr[19], Addr[18], Addr[16], Addr[17], Addr~255, Addr~253, S[2], S[0], Addr~254                                    ; Dout[5]~108, Addr[21], Addr~263, Addr[22], Addr~271, Addr[23]                                                                                                                                                                                                                                                                                       ;
;  G  ; LC104      ; nIOSEL, nIOSTRB, Addr[14]                                                                                                                              ; RA[14]                                                                                                                                                                                                                                                                                                                                              ;
;  G  ; LC103      ; C7M, Addr~248, Addr[23], Addr[22], Addr[21], Addr[20], Addr[19], Addr[18], Addr[16], Addr[17], Addr~271, Addr~253, S[2], S[0], Addr~254                ; Dout[7]~120, Addr[23]                                                                                                                                                                                                                                                                                                                               ;
;  G  ; LC97       ; C7M, nRESr, IncAddrL, Addr[2], Addr[1], Addr[0], S[0], S[1], S[2], AddrLWR_MC, D[3], Addr[3]                                                           ; Dout[3]~96, Addr[3], RA[3], Addr[4], Addr[5], Addr[6], Addr[7], IncAddrM                                                                                                                                                                                                                                                                            ;
;  G  ; LC105      ; nIOSEL, nIOSTRB, Addr[17]                                                                                                                              ; RA[17]                                                                                                                                                                                                                                                                                                                                              ;
;  G  ; LC111      ; C7M, PHI0rf[0], PHI0rf[1], PHI1, S[2], S[0], S[1]                                                                                                      ; S[1], S[0], S[2], IOROMEN, nRESr, REGEN, IncAddrL, Addr[8], Addr[1], Addr[9], Addr[2], Addr[17], Addr[3], Addr[18], Addr[10], Addr[12], Addr[4], Addr[5], Addr[13], Addr[14], Addr[6], Addr[7], IncAddrM, Addr[11], Addr[19], Addr~248, Addr~253, Addr~254, Addr[15], IncAddrH, Addr[16], Addr[0], Bank                                             ;
;  G  ; LC100      ; C7M, PHI0rf[0], PHI0rf[1], PHI1, S[0], S[2], S[1]                                                                                                      ; S[1], S[0], S[2], CSDBEN, IOROMEN, nRESr, REGEN, IncAddrL, Addr[8], Addr[1], Addr[9], Addr[2], Addr[17], Addr[3], Addr[18], Addr[10], Addr[12], Addr[4], Addr[5], Addr[13], Addr[14], Addr[6], Addr[7], IncAddrM~9, IncAddrM, Addr[11], Addr[19], Addr~248, Addr[20], Addr[21], Addr[22], Addr[23], Addr[15], IncAddrH, Addr[16], Addr[0], Bank     ;
;  G  ; LC99       ; C7M, nRESr, IncAddrL, Addr[3], Addr[2], Addr[1], Addr[0], S[0], S[1], S[2], AddrLWR_MC, D[4], Addr[4]                                                  ; Dout[4]~102, Addr[4], RA[4], Addr[5], Addr[6], Addr[7], IncAddrM                                                                                                                                                                                                                                                                                    ;
;  G  ; LC107      ; nIOSEL, nIOSTRB, Addr[13]                                                                                                                              ; RA[13]                                                                                                                                                                                                                                                                                                                                              ;
;  G  ; LC106      ; C7M, PHI0rf[0], PHI0rf[1], PHI1, S[0], S[1], S[2]                                                                                                      ; S[1], S[0], S[2], IOROMEN, nRESr, REGEN, IncAddrL, Addr[8], Addr[1], Addr[9], Addr[2], Addr[17], Addr[3], Addr[18], Addr[10], Addr[12], Addr[4], Addr[5], Addr[13], Addr[14], Addr[6], Addr[7], IncAddrM~9, IncAddrM, Addr[11], Addr[19], Addr~248, Addr[20], Addr[21], Addr[22], Addr[23], Addr[15], IncAddrH~9, IncAddrH, Addr[16], Addr[0], Bank ;
;  G  ; LC109      ; C7M, Addr~248, Addr[22], Addr[21], Addr[20], Addr[19], Addr[18], Addr[16], Addr[17], Addr~263, Addr~253, S[2], S[0], Addr~254                          ; Dout[6]~114, Addr[22], Addr~271, Addr[23]                                                                                                                                                                                                                                                                                                           ;
;  H  ; LC123      ; RD[2], nDEVSEL, A[0], A[1], A[2], A[3], Addr[10], Addr[18], Addr[2]                                                                                    ; D[2]                                                                                                                                                                                                                                                                                                                                                ;
;  H  ; LC125      ; RD[3], nDEVSEL, A[0], A[1], A[2], A[3], Addr[11], Addr[19], Addr[3]                                                                                    ; D[3]                                                                                                                                                                                                                                                                                                                                                ;
;  H  ; LC126      ; RD[4], nDEVSEL, A[0], A[1], A[2], A[3], Addr[12], Addr[20], Addr[4]                                                                                    ; D[4]                                                                                                                                                                                                                                                                                                                                                ;
;  H  ; LC128      ; RD[5], nDEVSEL, A[0], A[1], A[2], A[3], Addr[13], Addr[21], Addr[5]                                                                                    ; D[5]                                                                                                                                                                                                                                                                                                                                                ;
;  H  ; LC118      ; RD[0], nDEVSEL, A[0], A[1], A[2], A[3], Addr[8], Addr[16], Addr[0]                                                                                     ; D[0]                                                                                                                                                                                                                                                                                                                                                ;
;  H  ; LC120      ; RD[1], nDEVSEL, A[0], A[1], A[2], A[3], Addr[9], Addr[17], Addr[1]                                                                                     ; D[1]                                                                                                                                                                                                                                                                                                                                                ;
+-----+------------+--------------------------------------------------------------------------------------------------------------------------------------------------------+-----------------------------------------------------------------------------------------------------------------------------------------------------------------------------------------------------------------------------------------------------------------------------------------------------------------------------------------------------+


+---------------------------------------------------------------+
; Fitter Device Options                                         ;
+----------------------------------------------+----------------+
; Option                                       ; Setting        ;
+----------------------------------------------+----------------+
; Enable user-supplied start-up clock (CLKUSR) ; Off            ;
; Enable device-wide reset (DEV_CLRn)          ; Off            ;
; Enable device-wide output enable (DEV_OE)    ; Off            ;
; Enable INIT_DONE output                      ; Off            ;
; Configuration scheme                         ; Passive Serial ;
; Security bit                                 ; Off            ;
; Base pin-out file on sameframe device        ; Off            ;
+----------------------------------------------+----------------+


+-----------------+
; Fitter Messages ;
+-----------------+
Warning (20028): Parallel compilation is not licensed and has been disabled
Info (119006): Selected device EPM7128SLC84-15 for design "TimeMachine"
Info: Quartus II 64-Bit Fitter was successful. 0 errors, 1 warning
    Info: Peak virtual memory: 4675 megabytes
    Info: Processing ended: Sun Feb 19 21:28:22 2023
    Info: Elapsed time: 00:00:01
    Info: Total CPU time (on all processors): 00:00:01


