Analysis & Synthesis report for TimeDisk
Sun Apr 16 04:39:35 2023
Quartus II 32-bit Version 13.0.1 Build 232 06/12/2013 Service Pack 1 SJ Web Edition


---------------------
; Table of Contents ;
---------------------
  1. Legal Notice
  2. Analysis & Synthesis Summary
  3. Analysis & Synthesis Settings
  4. Parallel Compilation
  5. Analysis & Synthesis Source Files Read
  6. Analysis & Synthesis Resource Usage Summary
  7. Analysis & Synthesis Resource Utilization by Entity
  8. Registers Removed During Synthesis
  9. Removed Registers Triggering Further Register Optimizations
 10. Parameter Settings for Inferred Entity Instance: lpm_add_sub:Add3
 11. Parameter Settings for Inferred Entity Instance: lpm_add_sub:Add2
 12. Parameter Settings for Inferred Entity Instance: lpm_add_sub:Add1
 13. Analysis & Synthesis Messages
 14. Analysis & Synthesis Suppressed Messages



----------------
; Legal Notice ;
----------------
Copyright (C) 1991-2013 Altera Corporation
Your use of Altera Corporation's design tools, logic functions 
and other software and tools, and its AMPP partner logic 
functions, and any output files from any of the foregoing 
(including device programming or simulation files), and any 
associated documentation or information are expressly subject 
to the terms and conditions of the Altera Program License 
Subscription Agreement, Altera MegaCore Function License 
Agreement, or other applicable license agreement, including, 
without limitation, that your use is for the sole purpose of 
programming logic devices manufactured by Altera and sold by 
Altera or its authorized distributors.  Please refer to the 
applicable agreement for further details.



+-------------------------------------------------------------------------------+
; Analysis & Synthesis Summary                                                  ;
+-----------------------------+-------------------------------------------------+
; Analysis & Synthesis Status ; Successful - Sun Apr 16 04:39:35 2023           ;
; Quartus II 32-bit Version   ; 13.0.1 Build 232 06/12/2013 SP 1 SJ Web Edition ;
; Revision Name               ; TimeDisk                                        ;
; Top-level Entity Name       ; TimeDisk                                        ;
; Family                      ; MAX7000S                                        ;
; Total macrocells            ; 99                                              ;
; Total pins                  ; 64                                              ;
+-----------------------------+-------------------------------------------------+


+--------------------------------------------------------------------------------------------------------------+
; Analysis & Synthesis Settings                                                                                ;
+----------------------------------------------------------------------------+-----------------+---------------+
; Option                                                                     ; Setting         ; Default Value ;
+----------------------------------------------------------------------------+-----------------+---------------+
; Device                                                                     ; EPM7128SLC84-15 ;               ;
; Top-level entity name                                                      ; TimeDisk        ; TimeDisk      ;
; Family name                                                                ; MAX7000S        ; Cyclone IV GX ;
; Ignore LCELL Buffers                                                       ; Off             ; Auto          ;
; Use smart compilation                                                      ; Off             ; Off           ;
; Enable parallel Assembler and TimeQuest Timing Analyzer during compilation ; On              ; On            ;
; Enable compact report table                                                ; Off             ; Off           ;
; Create Debugging Nodes for IP Cores                                        ; Off             ; Off           ;
; Preserve fewer node names                                                  ; On              ; On            ;
; Disable OpenCore Plus hardware evaluation                                  ; Off             ; Off           ;
; Verilog Version                                                            ; Verilog_2001    ; Verilog_2001  ;
; VHDL Version                                                               ; VHDL_1993       ; VHDL_1993     ;
; State Machine Processing                                                   ; Auto            ; Auto          ;
; Safe State Machine                                                         ; Off             ; Off           ;
; Extract Verilog State Machines                                             ; On              ; On            ;
; Extract VHDL State Machines                                                ; On              ; On            ;
; Ignore Verilog initial constructs                                          ; Off             ; Off           ;
; Iteration limit for constant Verilog loops                                 ; 5000            ; 5000          ;
; Iteration limit for non-constant Verilog loops                             ; 250             ; 250           ;
; Add Pass-Through Logic to Inferred RAMs                                    ; On              ; On            ;
; Infer RAMs from Raw Logic                                                  ; On              ; On            ;
; Parallel Synthesis                                                         ; On              ; On            ;
; NOT Gate Push-Back                                                         ; On              ; On            ;
; Power-Up Don't Care                                                        ; On              ; On            ;
; Remove Duplicate Registers                                                 ; On              ; On            ;
; Ignore CARRY Buffers                                                       ; Off             ; Off           ;
; Ignore CASCADE Buffers                                                     ; Off             ; Off           ;
; Ignore GLOBAL Buffers                                                      ; Off             ; Off           ;
; Ignore ROW GLOBAL Buffers                                                  ; Off             ; Off           ;
; Ignore SOFT Buffers                                                        ; Off             ; Off           ;
; Limit AHDL Integers to 32 Bits                                             ; Off             ; Off           ;
; Optimization Technique                                                     ; Speed           ; Speed         ;
; Allow XOR Gate Usage                                                       ; On              ; On            ;
; Auto Logic Cell Insertion                                                  ; On              ; On            ;
; Parallel Expander Chain Length                                             ; 4               ; 4             ;
; Auto Parallel Expanders                                                    ; On              ; On            ;
; Auto Open-Drain Pins                                                       ; On              ; On            ;
; Auto Resource Sharing                                                      ; Off             ; Off           ;
; Maximum Fan-in Per Macrocell                                               ; 100             ; 100           ;
; Use LogicLock Constraints during Resource Balancing                        ; On              ; On            ;
; Ignore translate_off and synthesis_off directives                          ; Off             ; Off           ;
; Report Parameter Settings                                                  ; On              ; On            ;
; Report Source Assignments                                                  ; On              ; On            ;
; Report Connectivity Checks                                                 ; On              ; On            ;
; HDL message level                                                          ; Level2          ; Level2        ;
; Suppress Register Optimization Related Messages                            ; Off             ; Off           ;
; Number of Removed Registers Reported in Synthesis Report                   ; 5000            ; 5000          ;
; Number of Swept Nodes Reported in Synthesis Report                         ; 5000            ; 5000          ;
; Number of Inverted Registers Reported in Synthesis Report                  ; 100             ; 100           ;
; Block Design Naming                                                        ; Auto            ; Auto          ;
; Synthesis Effort                                                           ; Auto            ; Auto          ;
; Shift Register Replacement - Allow Asynchronous Clear Signal               ; On              ; On            ;
; Pre-Mapping Resynthesis Optimization                                       ; Off             ; Off           ;
; Analysis & Synthesis Message Level                                         ; Medium          ; Medium        ;
; Disable Register Merging Across Hierarchies                                ; Auto            ; Auto          ;
; Synthesis Seed                                                             ; 1               ; 1             ;
+----------------------------------------------------------------------------+-----------------+---------------+


Parallel compilation was disabled, but you have multiple processors available. Enable parallel compilation to reduce compilation time.
+-------------------------------------+
; Parallel Compilation                ;
+----------------------------+--------+
; Processors                 ; Number ;
+----------------------------+--------+
; Number detected on machine ; 4      ;
; Maximum allowed            ; 1      ;
+----------------------------+--------+


+-------------------------------------------------------------------------------------------------------------------------------------------------------------------+
; Analysis & Synthesis Source Files Read                                                                                                                            ;
+----------------------------------+-----------------+------------------------+---------------------------------------------------------------------------+---------+
; File Name with User-Entered Path ; Used in Netlist ; File Type              ; File Name with Absolute Path                                              ; Library ;
+----------------------------------+-----------------+------------------------+---------------------------------------------------------------------------+---------+
; TimeDisk.v                       ; yes             ; User Verilog HDL File  ; //Mac/iCloud/Repos/TimeDisk/cpld/TimeDisk.v                               ;         ;
; lpm_add_sub.tdf                  ; yes             ; Megafunction           ; c:/altera/13.0sp1/quartus/libraries/megafunctions/lpm_add_sub.tdf         ;         ;
; addcore.inc                      ; yes             ; Megafunction           ; c:/altera/13.0sp1/quartus/libraries/megafunctions/addcore.inc             ;         ;
; look_add.inc                     ; yes             ; Megafunction           ; c:/altera/13.0sp1/quartus/libraries/megafunctions/look_add.inc            ;         ;
; bypassff.inc                     ; yes             ; Megafunction           ; c:/altera/13.0sp1/quartus/libraries/megafunctions/bypassff.inc            ;         ;
; altshift.inc                     ; yes             ; Megafunction           ; c:/altera/13.0sp1/quartus/libraries/megafunctions/altshift.inc            ;         ;
; alt_stratix_add_sub.inc          ; yes             ; Megafunction           ; c:/altera/13.0sp1/quartus/libraries/megafunctions/alt_stratix_add_sub.inc ;         ;
; aglobal130.inc                   ; yes             ; Megafunction           ; c:/altera/13.0sp1/quartus/libraries/megafunctions/aglobal130.inc          ;         ;
; addcore.tdf                      ; yes             ; Megafunction           ; c:/altera/13.0sp1/quartus/libraries/megafunctions/addcore.tdf             ;         ;
; a_csnbuffer.inc                  ; yes             ; Megafunction           ; c:/altera/13.0sp1/quartus/libraries/megafunctions/a_csnbuffer.inc         ;         ;
; a_csnbuffer.tdf                  ; yes             ; Megafunction           ; c:/altera/13.0sp1/quartus/libraries/megafunctions/a_csnbuffer.tdf         ;         ;
; look_add.tdf                     ; yes             ; Megafunction           ; c:/altera/13.0sp1/quartus/libraries/megafunctions/look_add.tdf            ;         ;
; altshift.tdf                     ; yes             ; Megafunction           ; c:/altera/13.0sp1/quartus/libraries/megafunctions/altshift.tdf            ;         ;
+----------------------------------+-----------------+------------------------+---------------------------------------------------------------------------+---------+


+---------------------------------------------+
; Analysis & Synthesis Resource Usage Summary ;
+----------------------+----------------------+
; Resource             ; Usage                ;
+----------------------+----------------------+
; Logic cells          ; 99                   ;
; Total registers      ; 54                   ;
; I/O pins             ; 64                   ;
; Shareable expanders  ; 18                   ;
; Parallel expanders   ; 11                   ;
; Maximum fan-out node ; C7M                  ;
; Maximum fan-out      ; 37                   ;
; Total fan-out        ; 1202                 ;
; Average fan-out      ; 6.64                 ;
+----------------------+----------------------+


+-------------------------------------------------------------------------------------+
; Analysis & Synthesis Resource Utilization by Entity                                 ;
+----------------------------+------------+------+---------------------+--------------+
; Compilation Hierarchy Node ; Macrocells ; Pins ; Full Hierarchy Name ; Library Name ;
+----------------------------+------------+------+---------------------+--------------+
; |TimeDisk                  ; 99         ; 64   ; |TimeDisk           ; work         ;
+----------------------------+------------+------+---------------------+--------------+


+---------------------------------------------------------------------------------+
; Registers Removed During Synthesis                                              ;
+----------------------------------------+----------------------------------------+
; Register name                          ; Reason for Removal                     ;
+----------------------------------------+----------------------------------------+
; ModeLoaded                             ; Stuck at VCC due to stuck port data_in ;
; Mode                                   ; Stuck at GND due to stuck port data_in ;
; Rev                                    ; Stuck at GND due to stuck port data_in ;
; Bank[1..7]                             ; Lost fanout                            ;
; IRQRDr                                 ; Stuck at GND due to stuck port data_in ;
; Total Number of Removed Registers = 11 ;                                        ;
+----------------------------------------+----------------------------------------+


+----------------------------------------------------------------------------------------------------------------------+
; Removed Registers Triggering Further Register Optimizations                                                          ;
+---------------+---------------------------+--------------------------------------------------------------------------+
; Register name ; Reason for Removal        ; Registers Removed due to This Register                                   ;
+---------------+---------------------------+--------------------------------------------------------------------------+
; ModeLoaded    ; Stuck at VCC              ; Mode, Rev, Bank[1], Bank[2], Bank[3], Bank[4], Bank[5], Bank[6], Bank[7] ;
;               ; due to stuck port data_in ;                                                                          ;
+---------------+---------------------------+--------------------------------------------------------------------------+


+-------------------------------------------------------------------+
; Parameter Settings for Inferred Entity Instance: lpm_add_sub:Add3 ;
+------------------------+-------------+----------------------------+
; Parameter Name         ; Value       ; Type                       ;
+------------------------+-------------+----------------------------+
; LPM_WIDTH              ; 8           ; Untyped                    ;
; LPM_REPRESENTATION     ; UNSIGNED    ; Untyped                    ;
; LPM_DIRECTION          ; ADD         ; Untyped                    ;
; ONE_INPUT_IS_CONSTANT  ; YES         ; Untyped                    ;
; LPM_PIPELINE           ; 0           ; Untyped                    ;
; MAXIMIZE_SPEED         ; 5           ; Untyped                    ;
; REGISTERED_AT_END      ; 0           ; Untyped                    ;
; OPTIMIZE_FOR_SPEED     ; 5           ; Untyped                    ;
; USE_CS_BUFFERS         ; 1           ; Untyped                    ;
; CARRY_CHAIN            ; MANUAL      ; Untyped                    ;
; CARRY_CHAIN_LENGTH     ; 48          ; CARRY_CHAIN_LENGTH         ;
; DEVICE_FAMILY          ; MAX7000S    ; Untyped                    ;
; USE_WYS                ; OFF         ; Untyped                    ;
; STYLE                  ; FAST        ; Untyped                    ;
; CBXI_PARAMETER         ; add_sub_rnh ; Untyped                    ;
; AUTO_CARRY_CHAINS      ; ON          ; AUTO_CARRY                 ;
; IGNORE_CARRY_BUFFERS   ; OFF         ; IGNORE_CARRY               ;
; AUTO_CASCADE_CHAINS    ; ON          ; AUTO_CASCADE               ;
; IGNORE_CASCADE_BUFFERS ; OFF         ; IGNORE_CASCADE             ;
+------------------------+-------------+----------------------------+
Note: In order to hide this table in the UI and the text report file, please set the "Show Parameter Settings in Synthesis Report" option in "Analysis and Synthesis Settings -> More Settings" to "Off".


+-------------------------------------------------------------------+
; Parameter Settings for Inferred Entity Instance: lpm_add_sub:Add2 ;
+------------------------+-------------+----------------------------+
; Parameter Name         ; Value       ; Type                       ;
+------------------------+-------------+----------------------------+
; LPM_WIDTH              ; 8           ; Untyped                    ;
; LPM_REPRESENTATION     ; UNSIGNED    ; Untyped                    ;
; LPM_DIRECTION          ; ADD         ; Untyped                    ;
; ONE_INPUT_IS_CONSTANT  ; YES         ; Untyped                    ;
; LPM_PIPELINE           ; 0           ; Untyped                    ;
; MAXIMIZE_SPEED         ; 5           ; Untyped                    ;
; REGISTERED_AT_END      ; 0           ; Untyped                    ;
; OPTIMIZE_FOR_SPEED     ; 5           ; Untyped                    ;
; USE_CS_BUFFERS         ; 1           ; Untyped                    ;
; CARRY_CHAIN            ; MANUAL      ; Untyped                    ;
; CARRY_CHAIN_LENGTH     ; 48          ; CARRY_CHAIN_LENGTH         ;
; DEVICE_FAMILY          ; MAX7000S    ; Untyped                    ;
; USE_WYS                ; OFF         ; Untyped                    ;
; STYLE                  ; FAST        ; Untyped                    ;
; CBXI_PARAMETER         ; add_sub_rnh ; Untyped                    ;
; AUTO_CARRY_CHAINS      ; ON          ; AUTO_CARRY                 ;
; IGNORE_CARRY_BUFFERS   ; OFF         ; IGNORE_CARRY               ;
; AUTO_CASCADE_CHAINS    ; ON          ; AUTO_CASCADE               ;
; IGNORE_CASCADE_BUFFERS ; OFF         ; IGNORE_CASCADE             ;
+------------------------+-------------+----------------------------+
Note: In order to hide this table in the UI and the text report file, please set the "Show Parameter Settings in Synthesis Report" option in "Analysis and Synthesis Settings -> More Settings" to "Off".


+-------------------------------------------------------------------+
; Parameter Settings for Inferred Entity Instance: lpm_add_sub:Add1 ;
+------------------------+-------------+----------------------------+
; Parameter Name         ; Value       ; Type                       ;
+------------------------+-------------+----------------------------+
; LPM_WIDTH              ; 15          ; Untyped                    ;
; LPM_REPRESENTATION     ; UNSIGNED    ; Untyped                    ;
; LPM_DIRECTION          ; ADD         ; Untyped                    ;
; ONE_INPUT_IS_CONSTANT  ; YES         ; Untyped                    ;
; LPM_PIPELINE           ; 0           ; Untyped                    ;
; MAXIMIZE_SPEED         ; 5           ; Untyped                    ;
; REGISTERED_AT_END      ; 0           ; Untyped                    ;
; OPTIMIZE_FOR_SPEED     ; 5           ; Untyped                    ;
; USE_CS_BUFFERS         ; 1           ; Untyped                    ;
; CARRY_CHAIN            ; MANUAL      ; Untyped                    ;
; CARRY_CHAIN_LENGTH     ; 48          ; CARRY_CHAIN_LENGTH         ;
; DEVICE_FAMILY          ; MAX7000S    ; Untyped                    ;
; USE_WYS                ; OFF         ; Untyped                    ;
; STYLE                  ; FAST        ; Untyped                    ;
; CBXI_PARAMETER         ; add_sub_feh ; Untyped                    ;
; AUTO_CARRY_CHAINS      ; ON          ; AUTO_CARRY                 ;
; IGNORE_CARRY_BUFFERS   ; OFF         ; IGNORE_CARRY               ;
; AUTO_CASCADE_CHAINS    ; ON          ; AUTO_CASCADE               ;
; IGNORE_CASCADE_BUFFERS ; OFF         ; IGNORE_CASCADE             ;
+------------------------+-------------+----------------------------+
Note: In order to hide this table in the UI and the text report file, please set the "Show Parameter Settings in Synthesis Report" option in "Analysis and Synthesis Settings -> More Settings" to "Off".


+-------------------------------+
; Analysis & Synthesis Messages ;
+-------------------------------+
Info: *******************************************************************
Info: Running Quartus II 32-bit Analysis & Synthesis
    Info: Version 13.0.1 Build 232 06/12/2013 Service Pack 1 SJ Web Edition
    Info: Processing started: Sun Apr 16 04:39:32 2023
Info: Command: quartus_map --read_settings_files=on --write_settings_files=off TimeDisk -c TimeDisk
Warning (20028): Parallel compilation is not licensed and has been disabled
Info (12021): Found 1 design units, including 1 entities, in source file timedisk.v
    Info (12023): Found entity 1: TimeDisk
Info (12127): Elaborating entity "TimeDisk" for the top level hierarchy
Warning (10036): Verilog HDL or VHDL warning at TimeDisk.v(42): object "TimerUnlock" assigned a value but never read
Warning (10230): Verilog HDL assignment warning at TimeDisk.v(19): truncated value with size 32 to match size of target (3)
Warning (10230): Verilog HDL assignment warning at TimeDisk.v(81): truncated value with size 32 to match size of target (15)
Info (10264): Verilog HDL Case Statement information at TimeDisk.v(99): all case item expressions in this case statement are onehot
Warning (10230): Verilog HDL assignment warning at TimeDisk.v(221): truncated value with size 32 to match size of target (8)
Warning (10230): Verilog HDL assignment warning at TimeDisk.v(225): truncated value with size 32 to match size of target (8)
Warning (10230): Verilog HDL assignment warning at TimeDisk.v(229): truncated value with size 32 to match size of target (4)
Info (278001): Inferred 3 megafunctions from design logic
    Info (278002): Inferred adder/subtractor megafunction ("lpm_add_sub") from the following logic: "Add3"
    Info (278002): Inferred adder/subtractor megafunction ("lpm_add_sub") from the following logic: "Add2"
    Info (278002): Inferred adder/subtractor megafunction ("lpm_add_sub") from the following logic: "Add1"
Info (12130): Elaborated megafunction instantiation "lpm_add_sub:Add3"
Info (12133): Instantiated megafunction "lpm_add_sub:Add3" with the following parameter:
    Info (12134): Parameter "LPM_WIDTH" = "8"
    Info (12134): Parameter "LPM_DIRECTION" = "ADD"
    Info (12134): Parameter "LPM_REPRESENTATION" = "UNSIGNED"
    Info (12134): Parameter "ONE_INPUT_IS_CONSTANT" = "YES"
Info (12131): Elaborated megafunction instantiation "lpm_add_sub:Add3|addcore:adder[0]", which is child of megafunction instantiation "lpm_add_sub:Add3"
Info (12131): Elaborated megafunction instantiation "lpm_add_sub:Add3|addcore:adder[0]|a_csnbuffer:oflow_node", which is child of megafunction instantiation "lpm_add_sub:Add3"
Info (12131): Elaborated megafunction instantiation "lpm_add_sub:Add3|addcore:adder[0]|a_csnbuffer:result_node", which is child of megafunction instantiation "lpm_add_sub:Add3"
Info (12131): Elaborated megafunction instantiation "lpm_add_sub:Add3|look_add:look_ahead_unit", which is child of megafunction instantiation "lpm_add_sub:Add3"
Info (12131): Elaborated megafunction instantiation "lpm_add_sub:Add3|altshift:result_ext_latency_ffs", which is child of megafunction instantiation "lpm_add_sub:Add3"
Info (12131): Elaborated megafunction instantiation "lpm_add_sub:Add3|altshift:carry_ext_latency_ffs", which is child of megafunction instantiation "lpm_add_sub:Add3"
Info (12130): Elaborated megafunction instantiation "lpm_add_sub:Add1"
Info (12133): Instantiated megafunction "lpm_add_sub:Add1" with the following parameter:
    Info (12134): Parameter "LPM_WIDTH" = "15"
    Info (12134): Parameter "LPM_DIRECTION" = "ADD"
    Info (12134): Parameter "LPM_REPRESENTATION" = "UNSIGNED"
    Info (12134): Parameter "ONE_INPUT_IS_CONSTANT" = "YES"
Info (12131): Elaborated megafunction instantiation "lpm_add_sub:Add1|addcore:adder[1]", which is child of megafunction instantiation "lpm_add_sub:Add1"
Info (12131): Elaborated megafunction instantiation "lpm_add_sub:Add1|look_add:look_ahead_unit", which is child of megafunction instantiation "lpm_add_sub:Add1"
Info (12131): Elaborated megafunction instantiation "lpm_add_sub:Add1|altshift:result_ext_latency_ffs", which is child of megafunction instantiation "lpm_add_sub:Add1"
Info (13014): Ignored 30 buffer(s)
    Info (13019): Ignored 30 SOFT buffer(s)
Warning (13034): The following nodes have both tri-state and non-tri-state drivers
    Warning (13035): Inserted always-enabled tri-state buffer between "RAL[0]" and its non-tri-state driver.
    Warning (13035): Inserted always-enabled tri-state buffer between "RAL[1]" and its non-tri-state driver.
    Warning (13035): Inserted always-enabled tri-state buffer between "RAL[3]" and its non-tri-state driver.
    Warning (13035): Inserted always-enabled tri-state buffer between "RAL[4]" and its non-tri-state driver.
    Warning (13035): Inserted always-enabled tri-state buffer between "RAL[5]" and its non-tri-state driver.
    Warning (13035): Inserted always-enabled tri-state buffer between "RAL[6]" and its non-tri-state driver.
    Warning (13035): Inserted always-enabled tri-state buffer between "RAL[7]" and its non-tri-state driver.
    Warning (13035): Inserted always-enabled tri-state buffer between "RAL[8]" and its non-tri-state driver.
    Warning (13035): Inserted always-enabled tri-state buffer between "RAL[9]" and its non-tri-state driver.
    Warning (13035): Inserted always-enabled tri-state buffer between "RAL[10]" and its non-tri-state driver.
Warning (13009): TRI or OPNDRN buffers permanently enabled
    Warning (13010): Node "RA11~synth"
    Warning (13010): Node "RAL[0]~synth"
    Warning (13010): Node "RAL[1]~synth"
    Warning (13010): Node "RAL[2]~synth"
    Warning (13010): Node "RAL[3]~synth"
    Warning (13010): Node "RAL[4]~synth"
    Warning (13010): Node "RAL[5]~synth"
    Warning (13010): Node "RAL[6]~synth"
    Warning (13010): Node "RAL[7]~synth"
    Warning (13010): Node "RAL[8]~synth"
    Warning (13010): Node "RAL[9]~synth"
    Warning (13010): Node "RAL[10]~synth"
Info (280013): Promoted pin-driven signal(s) to global signal
    Info (280014): Promoted clock signal driven by pin "C7M" to global clock signal
    Info (280015): Promoted clear signal driven by pin "nRES" to global clear signal
Info (17049): 7 registers lost all their fanouts during netlist optimizations.
Warning (21074): Design contains 6 input pin(s) that do not drive logic
    Warning (15610): No output dependent on input pin "A[11]"
    Warning (15610): No output dependent on input pin "A[12]"
    Warning (15610): No output dependent on input pin "A[13]"
    Warning (15610): No output dependent on input pin "A[14]"
    Warning (15610): No output dependent on input pin "A[15]"
    Warning (15610): No output dependent on input pin "nINH"
Info (21057): Implemented 181 device resources after synthesis - the final resource count might be different
    Info (21058): Implemented 25 input pins
    Info (21059): Implemented 11 output pins
    Info (21060): Implemented 28 bidirectional pins
    Info (21063): Implemented 99 macrocells
    Info (21073): Implemented 18 shareable expanders
Info (144001): Generated suppressed messages file /Repos/TimeDisk/cpld/output_files/TimeDisk.map.smsg
Info: Quartus II 32-bit Analysis & Synthesis was successful. 0 errors, 38 warnings
    Info: Peak virtual memory: 586 megabytes
    Info: Processing ended: Sun Apr 16 04:39:35 2023
    Info: Elapsed time: 00:00:03
    Info: Total CPU time (on all processors): 00:00:03


+------------------------------------------+
; Analysis & Synthesis Suppressed Messages ;
+------------------------------------------+
The suppressed messages can be found in /Repos/TimeDisk/cpld/output_files/TimeDisk.map.smsg.


